[2021-Dec-31 10:51:33] [ info] --------------------------------------------------------------------------------
[2021-Dec-31 10:51:33] [ info] nrfjprog --recover --log 
[2021-Dec-31 10:51:33] [ info] nrfjprog version 10.12.1 
[2021-Dec-31 10:51:33] [ info] --------------------------------------------------------------------------------
[2021-Dec-31 10:51:33] [debug] [ nRF0x0] - open_dll
[2021-Dec-31 10:51:33] [ info] [ nRF0x0] - Load library at /Applications/Nordic Semiconductor/nrfjprog/libjlinkarm_unknown_nrfjprogdll.dylib.
[2021-Dec-31 10:51:33] [ info] [ nRF0x0] - Library loaded, loading member functions.
[2021-Dec-31 10:51:33] [ info] [ nRF0x0] - Member functions succesfully loaded.
[2021-Dec-31 10:51:33] [ info] [Backend] - Logger callback at 0x109982300 registered in Segger backend logger.
[2021-Dec-31 10:51:33] [ info] [  JLink] - [Info    ] [JLink     ] Logger callback at 0x109982300 registered in JLink logger.
[2021-Dec-31 10:51:33] [debug] [nRFUnknown] - Just_open_dll_tagged_callback
[2021-Dec-31 10:51:33] [debug] [Backend] - open_dll
[2021-Dec-31 10:51:33] [ info] [Backend] - No J-Link DLL path was provided. Attempting to auto detect.
[2021-Dec-31 10:51:33] [ info] [Backend] - Load library at libjlinkarm.dylib.
[2021-Dec-31 10:51:33] [ info] [Backend] - Dll failed to open.
[2021-Dec-31 10:51:33] [debug] [Backend] - close
[2021-Dec-31 10:51:33] [debug] [Backend] - Segger Backend closed.
[2021-Dec-31 10:51:33] [debug] [nRFUnknown] - Just_close_dll
[2021-Dec-31 10:51:33] [debug] [ nRF0x0] - close_dll
[2021-Dec-31 10:51:42] [ info] --------------------------------------------------------------------------------
[2021-Dec-31 10:51:42] [ info] nrfjprog --recover --log 
[2021-Dec-31 10:51:42] [ info] nrfjprog version 10.12.1 
[2021-Dec-31 10:51:42] [ info] --------------------------------------------------------------------------------
[2021-Dec-31 10:51:42] [debug] [ nRF0x0] - open_dll
[2021-Dec-31 10:51:42] [ info] [ nRF0x0] - Load library at /Applications/Nordic Semiconductor/nrfjprog/libjlinkarm_unknown_nrfjprogdll.dylib.
[2021-Dec-31 10:51:42] [ info] [ nRF0x0] - Library loaded, loading member functions.
[2021-Dec-31 10:51:42] [ info] [ nRF0x0] - Member functions succesfully loaded.
[2021-Dec-31 10:51:42] [ info] [Backend] - Logger callback at 0x105b91300 registered in Segger backend logger.
[2021-Dec-31 10:51:42] [ info] [  JLink] - [Info    ] [JLink     ] Logger callback at 0x105b91300 registered in JLink logger.
[2021-Dec-31 10:51:42] [debug] [nRFUnknown] - Just_open_dll_tagged_callback
[2021-Dec-31 10:51:42] [debug] [Backend] - open_dll
[2021-Dec-31 10:51:42] [ info] [Backend] - No J-Link DLL path was provided. Attempting to auto detect.
[2021-Dec-31 10:51:42] [ info] [Backend] - Load library at libjlinkarm.dylib.
[2021-Dec-31 10:51:42] [ info] [Backend] - Dll failed to open.
[2021-Dec-31 10:51:42] [debug] [Backend] - close
[2021-Dec-31 10:51:42] [debug] [Backend] - Segger Backend closed.
[2021-Dec-31 10:51:42] [debug] [nRFUnknown] - Just_close_dll
[2021-Dec-31 10:51:42] [debug] [ nRF0x0] - close_dll
[2021-Dec-31 10:51:49] [ info] --------------------------------------------------------------------------------
[2021-Dec-31 10:51:49] [ info] nrfjprog --recover --log 
[2021-Dec-31 10:51:49] [ info] nrfjprog version 10.12.1 
[2021-Dec-31 10:51:49] [ info] --------------------------------------------------------------------------------
[2021-Dec-31 10:51:49] [debug] [ nRF0x0] - open_dll
[2021-Dec-31 10:51:49] [ info] [ nRF0x0] - Load library at /Applications/Nordic Semiconductor/nrfjprog/libjlinkarm_unknown_nrfjprogdll.dylib.
[2021-Dec-31 10:51:49] [ info] [ nRF0x0] - Library loaded, loading member functions.
[2021-Dec-31 10:51:49] [ info] [ nRF0x0] - Member functions succesfully loaded.
[2021-Dec-31 10:51:49] [ info] [Backend] - Logger callback at 0x10c427300 registered in Segger backend logger.
[2021-Dec-31 10:51:49] [ info] [  JLink] - [Info    ] [JLink     ] Logger callback at 0x10c427300 registered in JLink logger.
[2021-Dec-31 10:51:49] [debug] [nRFUnknown] - Just_open_dll_tagged_callback
[2021-Dec-31 10:51:49] [debug] [Backend] - open_dll
[2021-Dec-31 10:51:49] [ info] [Backend] - No J-Link DLL path was provided. Attempting to auto detect.
[2021-Dec-31 10:51:49] [ info] [Backend] - Load library at libjlinkarm.dylib.
[2021-Dec-31 10:51:49] [ info] [Backend] - Dll failed to open.
[2021-Dec-31 10:51:49] [debug] [Backend] - close
[2021-Dec-31 10:51:49] [debug] [Backend] - Segger Backend closed.
[2021-Dec-31 10:51:49] [debug] [nRFUnknown] - Just_close_dll
[2021-Dec-31 10:51:49] [debug] [ nRF0x0] - close_dll
[2021-Dec-31 10:59:55] [ info] --------------------------------------------------------------------------------
[2021-Dec-31 10:59:55] [ info] nrfjprog --recover --log 
[2021-Dec-31 10:59:55] [ info] nrfjprog version 10.12.1 
[2021-Dec-31 10:59:55] [ info] --------------------------------------------------------------------------------
[2021-Dec-31 10:59:55] [debug] [ nRF0x0] - open_dll
[2021-Dec-31 10:59:55] [ info] [ nRF0x0] - Load library at /Applications/Nordic Semiconductor/nrfjprog/libjlinkarm_unknown_nrfjprogdll.dylib.
[2021-Dec-31 10:59:55] [ info] [ nRF0x0] - Library loaded, loading member functions.
[2021-Dec-31 10:59:55] [ info] [ nRF0x0] - Member functions succesfully loaded.
[2021-Dec-31 10:59:55] [ info] [Backend] - Logger callback at 0x105cbe300 registered in Segger backend logger.
[2021-Dec-31 10:59:55] [ info] [  JLink] - [Info    ] [JLink     ] Logger callback at 0x105cbe300 registered in JLink logger.
[2021-Dec-31 10:59:55] [debug] [nRFUnknown] - Just_open_dll_tagged_callback
[2021-Dec-31 10:59:55] [debug] [Backend] - open_dll
[2021-Dec-31 10:59:55] [ info] [Backend] - No J-Link DLL path was provided. Attempting to auto detect.
[2021-Dec-31 10:59:55] [ info] [Backend] - Load library at /Applications/SEGGER/JLink/libjlinkarm.7.58.2.dylib.
[2021-Dec-31 10:59:55] [ info] [Backend] - Library loaded, loading member functions.
[2021-Dec-31 10:59:55] [ info] [Backend] - Member functions succesfully loaded.
[2021-Dec-31 10:59:55] [debug] [Backend] - dll_version
[2021-Dec-31 10:59:55] [ info] [Backend] - Segger dll version 7.58.b loaded.
[2021-Dec-31 10:59:55] [debug] [Backend] - set_core_data
[2021-Dec-31 10:59:55] [debug] [ nRF0x0] - enum_emu_snr
[2021-Dec-31 10:59:55] [debug] [nRFUnknown] - Just_enum_emu_snr
[2021-Dec-31 10:59:55] [debug] [Backend] - enum_emu_snr
[2021-Dec-31 10:59:55] [debug] [Backend] - ---just_enum_emu_snr
[2021-Dec-31 10:59:55] [debug] [Backend] - ---just_get_num_emus
[2021-Dec-31 10:59:55] [debug] [ nRF0x0] - close_dll
[2021-Dec-31 10:59:55] [debug] [nRFUnknown] - Just_close_dll
[2021-Dec-31 10:59:55] [debug] [Backend] - close
[2021-Dec-31 10:59:55] [debug] [Backend] - disconnect_from_emu
[2021-Dec-31 10:59:55] [debug] [Backend] - is_connected_to_emu
[2021-Dec-31 10:59:55] [debug] [Backend] - Segger Backend closed.
[2021-Dec-31 11:00:28] [ info] --------------------------------------------------------------------------------
[2021-Dec-31 11:00:28] [ info] nrfjprog --recover --log 
[2021-Dec-31 11:00:28] [ info] nrfjprog version 10.12.1 
[2021-Dec-31 11:00:28] [ info] --------------------------------------------------------------------------------
[2021-Dec-31 11:00:28] [debug] [ nRF0x0] - open_dll
[2021-Dec-31 11:00:28] [ info] [ nRF0x0] - Load library at /Applications/Nordic Semiconductor/nrfjprog/libjlinkarm_unknown_nrfjprogdll.dylib.
[2021-Dec-31 11:00:28] [ info] [ nRF0x0] - Library loaded, loading member functions.
[2021-Dec-31 11:00:28] [ info] [ nRF0x0] - Member functions succesfully loaded.
[2021-Dec-31 11:00:28] [ info] [Backend] - Logger callback at 0x100463300 registered in Segger backend logger.
[2021-Dec-31 11:00:28] [ info] [  JLink] - [Info    ] [JLink     ] Logger callback at 0x100463300 registered in JLink logger.
[2021-Dec-31 11:00:28] [debug] [nRFUnknown] - Just_open_dll_tagged_callback
[2021-Dec-31 11:00:28] [debug] [Backend] - open_dll
[2021-Dec-31 11:00:28] [ info] [Backend] - No J-Link DLL path was provided. Attempting to auto detect.
[2021-Dec-31 11:00:28] [ info] [Backend] - Load library at /Applications/SEGGER/JLink/libjlinkarm.7.58.2.dylib.
[2021-Dec-31 11:00:28] [ info] [Backend] - Library loaded, loading member functions.
[2021-Dec-31 11:00:28] [ info] [Backend] - Member functions succesfully loaded.
[2021-Dec-31 11:00:28] [debug] [Backend] - dll_version
[2021-Dec-31 11:00:28] [ info] [Backend] - Segger dll version 7.58.b loaded.
[2021-Dec-31 11:00:28] [debug] [Backend] - set_core_data
[2021-Dec-31 11:00:28] [debug] [ nRF0x0] - enum_emu_snr
[2021-Dec-31 11:00:28] [debug] [nRFUnknown] - Just_enum_emu_snr
[2021-Dec-31 11:00:28] [debug] [Backend] - enum_emu_snr
[2021-Dec-31 11:00:28] [debug] [Backend] - ---just_enum_emu_snr
[2021-Dec-31 11:00:28] [debug] [Backend] - ---just_get_num_emus
[2021-Dec-31 11:00:28] [debug] [ nRF0x0] - connect_to_emu_with_snr
[2021-Dec-31 11:00:28] [debug] [nRFUnknown] - Just_connect_to_emu_with_snr
[2021-Dec-31 11:00:28] [debug] [Backend] - connect_to_emu_with_snr
[2021-Dec-31 11:00:28] [debug] [Backend] - is_connected_to_emu
[2021-Dec-31 11:00:28] [debug] [Backend] - ---just_enum_emu_snr
[2021-Dec-31 11:00:28] [debug] [Backend] - ---just_get_num_emus
[2021-Dec-31 11:00:28] [debug] [Backend] - ---just_connect_to_emu_with_snr
[2021-Dec-31 11:00:28] [debug] [Backend] - ---just_connect_to_emu_without_snr
[2021-Dec-31 11:00:28] [ info] [Backend] - Segger logging enabled.
[2021-Dec-31 11:00:28] [ info] [  JLink] - [Info    ] [JLink     ] Firmware: J-Link OB-SAM3U128-V2-NordicSemi compiled Mar 17 2020 14:43:00
[2021-Dec-31 11:00:28] [ info] [  JLink] - [Info    ] [JLink     ] Firmware: J-Link OB-SAM3U128-V2-NordicSemi compiled Mar 17 2020 14:43:00
[2021-Dec-31 11:00:28] [ info] [  JLink] - [Info    ] [JLink     ] Updating firmware:  J-Link OB-SAM3U128-V2-NordicSemi compiled Feb  2 2021 16:47:20
[2021-Dec-31 11:00:28] [ info] [  JLink] - [Info    ] [JLink     ] Updating firmware:  J-Link OB-SAM3U128-V2-NordicSemi compiled Feb  2 2021 16:47:20
[2021-Dec-31 11:00:28] [ info] [  JLink] - [Info    ] [JLink     ] Replacing firmware: J-Link OB-SAM3U128-V2-NordicSemi compiled Mar 17 2020 14:43:00
[2021-Dec-31 11:00:28] [ info] [  JLink] - [Info    ] [JLink     ] Replacing firmware: J-Link OB-SAM3U128-V2-NordicSemi compiled Mar 17 2020 14:43:00
[2021-Dec-31 11:00:30] [ info] [  JLink] - [Info    ] [JLink     ] Waiting for new firmware to boot
[2021-Dec-31 11:00:30] [ info] [  JLink] - [Info    ] [JLink     ] Waiting for new firmware to boot
[2021-Dec-31 11:00:31] [ info] [  JLink] - [Info    ] [JLink     ] New firmware booted successfully
[2021-Dec-31 11:00:31] [ info] [  JLink] - [Info    ] [JLink     ] New firmware booted successfully
[2021-Dec-31 11:00:31] [ info] [  JLink] - [Info    ] [JLink     ] Hardware: V1.00
[2021-Dec-31 11:00:31] [ info] [  JLink] - [Info    ] [JLink     ] S/N: 683048752
[2021-Dec-31 11:00:31] [ info] [  JLink] - [Info    ] [JLink     ] OEM: SEGGER
[2021-Dec-31 11:00:31] [ info] [  JLink] - [Info    ] [JLink     ] Feature(s): RDI, FlashBP, FlashDL, JFlash, GDB
[2021-Dec-31 11:00:31] [ info] [  JLink] - [Info    ] [JLink     ] TELNET listener socket opened on port 19021
[2021-Dec-31 11:00:31] [ info] [  JLink] - [Info    ] [JLink     ] WEBSRV WEBSRV_Init(): Starting webserver thread(s)
[2021-Dec-31 11:00:31] [ info] [  JLink] - [Info    ] [JLink     ] WEBSRV Webserver running on local port 19080
[2021-Dec-31 11:00:31] [ info] [  JLink] - [Info    ] [JLink     ] - 2535.492ms returns "O.K."  
[2021-Dec-31 11:00:31] [ info] [  JLink] - [Info    ] [JLink     ] JLINK_HasError()  
[2021-Dec-31 11:00:31] [ info] [  JLink] - [Info    ] [JLink     ] JLINK_GetHWStatus(...)  
[2021-Dec-31 11:00:31] [ info] [  JLink] - [Info    ] [JLink     ] - 0.422ms returns 0  
[2021-Dec-31 11:00:31] [ info] [  JLink] - [Info    ] [JLink     ] JLINK_HasError()  
[2021-Dec-31 11:00:31] [ info] [  JLink] - [Info    ] [JLink     ] JLINK_ExecCommand("SetRestartOnClose = 0", ...).   
[2021-Dec-31 11:00:31] [ info] [  JLink] - [Info    ] [JLink     ] - 0.037ms returns 0x01  
[2021-Dec-31 11:00:31] [ info] [  JLink] - [Info    ] [JLink     ] JLINK_HasError()  
[2021-Dec-31 11:00:31] [ info] [  JLink] - [Info    ] [JLink     ] JLINK_ExecCommand("DisableFlashDL", ...).   
[2021-Dec-31 11:00:31] [ info] [  JLink] - [Info    ] [JLink     ] - 0.060ms returns 0x00  
[2021-Dec-31 11:00:31] [ info] [  JLink] - [Info    ] [JLink     ] JLINK_HasError()  
[2021-Dec-31 11:00:31] [ info] [  JLink] - [Info    ] [JLink     ] JLINK_ExecCommand("ExcludeFlashCacheRange 0x0-0xFFFFFFFF", ...).   
[2021-Dec-31 11:00:31] [ info] [  JLink] - [Info    ] [JLink     ] - 0.064ms returns 0x00  
[2021-Dec-31 11:00:31] [ info] [  JLink] - [Info    ] [JLink     ] JLINK_HasError()  
[2021-Dec-31 11:00:31] [ info] [  JLink] - [Info    ] [JLink     ] JLINK_SetHookUnsecureDialog  
[2021-Dec-31 11:00:31] [ info] [  JLink] - [Info    ] [JLink     ] JLINK_SetHookUnsecureDialog(...)
[2021-Dec-31 11:00:31] [ info] [  JLink] - [Info    ] [JLink     ] - 0.023ms returns 0  
[2021-Dec-31 11:00:31] [ info] [  JLink] - [Info    ] [JLink     ] JLINK_HasError()  
[2021-Dec-31 11:00:31] [ info] [  JLink] - [Info    ] [JLink     ] JLINK_TIF_Select(JLINKARM_TIF_SWD)  
[2021-Dec-31 11:00:31] [ info] [  JLink] - [Info    ] [JLink     ] - 0.801ms returns 0x00  
[2021-Dec-31 11:00:31] [ info] [  JLink] - [Info    ] [JLink     ] JLINK_HasError()  
[2021-Dec-31 11:00:31] [ info] [  JLink] - [Info    ] [JLink     ] JLINK_SetSpeed(2000)  
[2021-Dec-31 11:00:31] [ info] [  JLink] - [Info    ] [JLink     ] - 0.120ms  
[2021-Dec-31 11:00:31] [ info] [  JLink] - [Info    ] [JLink     ] JLINK_HasError()  
[2021-Dec-31 11:00:31] [ info] [  JLink] - [Info    ] [JLink     ] JLINK_GetSN()  
[2021-Dec-31 11:00:31] [ info] [  JLink] - [Info    ] [JLink     ] - 0.009ms returns 683048752  
[2021-Dec-31 11:00:31] [ info] [  JLink] - [Info    ] [JLink     ] JLINK_HasError()  
[2021-Dec-31 11:00:31] [debug] [Backend] - ---just_load_core_data
[2021-Dec-31 11:00:31] [ info] [  JLink] - [Info    ] [JLink     ] JLINK_ExecCommand("CORESIGHT_SetIndexAHBAPToUse = 0", ...).   
[2021-Dec-31 11:00:31] [ info] [  JLink] - [Info    ] [JLink     ] - 0.025ms returns 0x00  
[2021-Dec-31 11:00:31] [ info] [  JLink] - [Info    ] [JLink     ] JLINK_HasError()  
[2021-Dec-31 11:00:31] [ info] [  JLink] - [Info    ] [JLink     ] JLINK_ExecCommand("device = Cortex-M4", ...).   
[2021-Dec-31 11:00:31] [ info] [  JLink] - [Info    ] [JLink     ] XML file found at: /Applications/SEGGER/JLink_V758b/JLinkDevices.xml 
[2021-Dec-31 11:00:31] [ info] [  JLink] - [Info    ] [JLink     ] /Applications/SEGGER/JLink_V758b/JLinkDevices.xml evaluated successfully. 
[2021-Dec-31 11:00:31] [ info] [  JLink] - [Info    ] [JLink     ] Device "CORTEX-M4" selected.
[2021-Dec-31 11:00:31] [ info] [  JLink] - [Info    ] [JLink     ] Device "CORTEX-M4" selected.
[2021-Dec-31 11:00:31] [ info] [  JLink] - [Info    ] [JLink     ] - 32.162ms returns 0x00  
[2021-Dec-31 11:00:31] [ info] [  JLink] - [Info    ] [JLink     ] JLINK_HasError()  
[2021-Dec-31 11:00:31] [debug] [ nRF0x0] - read_connected_emu_snr
[2021-Dec-31 11:00:31] [debug] [nRFUnknown] - Just_read_connected_emu_snr
[2021-Dec-31 11:00:31] [debug] [Backend] - read_connected_emu_snr
[2021-Dec-31 11:00:31] [debug] [Backend] - is_connected_to_emu
[2021-Dec-31 11:00:31] [ info] [  JLink] - [Info    ] [JLink     ] JLINK_IsOpen()  
[2021-Dec-31 11:00:31] [ info] [  JLink] - [Info    ] [JLink     ] - 0.009ms returns 0x01  
[2021-Dec-31 11:00:31] [ info] [  JLink] - [Info    ] [JLink     ] JLINK_HasError()  
[2021-Dec-31 11:00:31] [debug] [ nRF0x0] - read_device_family
[2021-Dec-31 11:00:31] [debug] [nRFUnknown] - Just_read_device_family
[2021-Dec-31 11:00:31] [debug] [Backend] - is_connected_to_emu
[2021-Dec-31 11:00:31] [ info] [  JLink] - [Info    ] [JLink     ] JLINK_IsOpen()  
[2021-Dec-31 11:00:31] [ info] [  JLink] - [Info    ] [JLink     ] - 0.020ms returns 0x01  
[2021-Dec-31 11:00:31] [ info] [  JLink] - [Info    ] [JLink     ] JLINK_HasError()  
[2021-Dec-31 11:00:31] [ info] [  JLink] - [Info    ] [JLink     ] JLINK_Lock()  
[2021-Dec-31 11:00:31] [debug] [Backend] - read_debug_port_idr
[2021-Dec-31 11:00:31] [debug] [Backend] - read_debug_port_register
[2021-Dec-31 11:00:31] [debug] [Backend] - ---just_read_debug_port_register
[2021-Dec-31 11:00:31] [debug] [Backend] - coresight_configure
[2021-Dec-31 11:00:31] [ info] [  JLink] - [Info    ] [JLink     ] JLINK_CORESIGHT_Configure()  
[2021-Dec-31 11:00:31] [ info] [  JLink] - [Info    ] [JLink     ] - 1.060ms returns 0  
[2021-Dec-31 11:00:31] [ info] [  JLink] - [Info    ] [JLink     ] JLINK_HasError()  
[2021-Dec-31 11:00:31] [debug] [Backend] - ---just_select_debug_port_register
[2021-Dec-31 11:00:31] [debug] [Backend] - Select AP 255, DP Bank 0, AP Bank 255
[2021-Dec-31 11:00:31] [ info] [  JLink] - [Info    ] [JLink     ] JLINK_CORESIGHT_WriteAPDPReg(DP reg 0x02, 0x00000000)  
[2021-Dec-31 11:00:31] [ info] [  JLink] - [Info    ] [JLink     ] - 0.262ms returns 0  
[2021-Dec-31 11:00:31] [ info] [  JLink] - [Info    ] [JLink     ] JLINK_HasError()  
[2021-Dec-31 11:00:31] [ info] [  JLink] - [Info    ] [JLink     ] JLINK_CORESIGHT_ReadAPDPReg(DP reg 0x00)  
[2021-Dec-31 11:00:31] [ info] [  JLink] - [Info    ] [JLink     ] Value=0x2BA01477
[2021-Dec-31 11:00:31] [ info] [  JLink] - [Info    ] [JLink     ] - 0.250ms returns 0  
[2021-Dec-31 11:00:31] [ info] [  JLink] - [Info    ] [JLink     ] JLINK_HasError()  
[2021-Dec-31 11:00:31] [ info] [nRFUnknown] - Discovered device from family NRF52.
[2021-Dec-31 11:00:31] [ info] [  JLink] - [Info    ] [JLink     ] - 0.019ms  
[2021-Dec-31 11:00:31] [debug] [ nRF0x0] - close_dll
[2021-Dec-31 11:00:31] [debug] [nRFUnknown] - Just_close_dll
[2021-Dec-31 11:00:31] [debug] [Backend] - close
[2021-Dec-31 11:00:31] [debug] [Backend] - disconnect_from_emu
[2021-Dec-31 11:00:31] [debug] [Backend] - is_connected_to_emu
[2021-Dec-31 11:00:31] [ info] [  JLink] - [Info    ] [JLink     ] JLINK_IsOpen()  
[2021-Dec-31 11:00:31] [ info] [  JLink] - [Info    ] [JLink     ] - 0.008ms returns 0x01  
[2021-Dec-31 11:00:31] [ info] [  JLink] - [Info    ] [JLink     ] JLINK_HasError()  
[2021-Dec-31 11:00:31] [debug] [Backend] - ---just_disconnect_from_emu
[2021-Dec-31 11:00:31] [debug] [Backend] - is_connected_to_device
[2021-Dec-31 11:00:31] [ info] [  JLink] - [Info    ] [JLink     ] JLINK_IsConnected()  
[2021-Dec-31 11:00:31] [ info] [  JLink] - [Info    ] [JLink     ] - 0.008ms returns FALSE  
[2021-Dec-31 11:00:31] [ info] [  JLink] - [Info    ] [JLink     ] JLINK_HasError()  
[2021-Dec-31 11:00:31] [debug] [Backend] - ---just_is_debug_region_powered
[2021-Dec-31 11:00:31] [debug] [Backend] - ---just_read_debug_port_register
[2021-Dec-31 11:00:31] [debug] [Backend] - is_connected_to_emu
[2021-Dec-31 11:00:31] [ info] [  JLink] - [Info    ] [JLink     ] JLINK_IsOpen()  
[2021-Dec-31 11:00:31] [ info] [  JLink] - [Info    ] [JLink     ] - 0.007ms returns 0x01  
[2021-Dec-31 11:00:31] [ info] [  JLink] - [Info    ] [JLink     ] JLINK_HasError()  
[2021-Dec-31 11:00:31] [ info] [  JLink] - [Info    ] [JLink     ] JLINK_Lock()  
[2021-Dec-31 11:00:31] [debug] [Backend] - ---just_select_debug_port_register
[2021-Dec-31 11:00:31] [debug] [Backend] - Select AP 255, DP Bank 0, AP Bank 255
[2021-Dec-31 11:00:31] [ info] [  JLink] - [Info    ] [JLink     ] JLINK_CORESIGHT_WriteAPDPReg(DP reg 0x02, 0x00000000)  
[2021-Dec-31 11:00:31] [ info] [  JLink] - [Info    ] [JLink     ] - 0.244ms returns 0  
[2021-Dec-31 11:00:31] [ info] [  JLink] - [Info    ] [JLink     ] JLINK_HasError()  
[2021-Dec-31 11:00:31] [ info] [  JLink] - [Info    ] [JLink     ] JLINK_CORESIGHT_ReadAPDPReg(DP reg 0x01)  
[2021-Dec-31 11:00:31] [ info] [  JLink] - [Info    ] [JLink     ] Value=0xF0000000
[2021-Dec-31 11:00:31] [ info] [  JLink] - [Info    ] [JLink     ] - 0.245ms returns 0  
[2021-Dec-31 11:00:31] [ info] [  JLink] - [Info    ] [JLink     ] JLINK_HasError()  
[2021-Dec-31 11:00:31] [ info] [  JLink] - [Info    ] [JLink     ] - 0.007ms  
[2021-Dec-31 11:00:31] [debug] [Backend] - unpower_debug_and_system_regions
[2021-Dec-31 11:00:31] [debug] [Backend] - ---just_write_debug_port_register
[2021-Dec-31 11:00:31] [debug] [Backend] - is_connected_to_emu
[2021-Dec-31 11:00:31] [ info] [  JLink] - [Info    ] [JLink     ] JLINK_IsOpen()  
[2021-Dec-31 11:00:31] [ info] [  JLink] - [Info    ] [JLink     ] - 0.007ms returns 0x01  
[2021-Dec-31 11:00:31] [ info] [  JLink] - [Info    ] [JLink     ] JLINK_HasError()  
[2021-Dec-31 11:00:31] [ info] [  JLink] - [Info    ] [JLink     ] JLINK_Lock()  
[2021-Dec-31 11:00:31] [debug] [Backend] - ---just_select_debug_port_register
[2021-Dec-31 11:00:31] [debug] [Backend] - Select AP 255, DP Bank 0, AP Bank 255
[2021-Dec-31 11:00:31] [ info] [  JLink] - [Info    ] [JLink     ] JLINK_CORESIGHT_WriteAPDPReg(DP reg 0x02, 0x00000000)  
[2021-Dec-31 11:00:31] [ info] [  JLink] - [Info    ] [JLink     ] - 0.247ms returns 0  
[2021-Dec-31 11:00:31] [ info] [  JLink] - [Info    ] [JLink     ] JLINK_HasError()  
[2021-Dec-31 11:00:31] [ info] [  JLink] - [Info    ] [JLink     ] JLINK_CORESIGHT_WriteAPDPReg(DP reg 0x01, 0x00000000)  
[2021-Dec-31 11:00:31] [ info] [  JLink] - [Info    ] [JLink     ] - 0.241ms returns 0  
[2021-Dec-31 11:00:31] [ info] [  JLink] - [Info    ] [JLink     ] JLINK_HasError()  
[2021-Dec-31 11:00:31] [ info] [  JLink] - [Info    ] [JLink     ] - 0.009ms  
[2021-Dec-31 11:00:31] [debug] [Backend] - ---just_is_debug_region_powered
[2021-Dec-31 11:00:31] [debug] [Backend] - ---just_read_debug_port_register
[2021-Dec-31 11:00:31] [debug] [Backend] - is_connected_to_emu
[2021-Dec-31 11:00:31] [ info] [  JLink] - [Info    ] [JLink     ] JLINK_IsOpen()  
[2021-Dec-31 11:00:31] [ info] [  JLink] - [Info    ] [JLink     ] - 0.013ms returns 0x01  
[2021-Dec-31 11:00:31] [ info] [  JLink] - [Info    ] [JLink     ] JLINK_HasError()  
[2021-Dec-31 11:00:31] [ info] [  JLink] - [Info    ] [JLink     ] JLINK_Lock()  
[2021-Dec-31 11:00:31] [debug] [Backend] - ---just_select_debug_port_register
[2021-Dec-31 11:00:31] [debug] [Backend] - Select AP 255, DP Bank 0, AP Bank 255
[2021-Dec-31 11:00:31] [ info] [  JLink] - [Info    ] [JLink     ] JLINK_CORESIGHT_WriteAPDPReg(DP reg 0x02, 0x00000000)  
[2021-Dec-31 11:00:31] [ info] [  JLink] - [Info    ] [JLink     ] - 0.307ms returns 0  
[2021-Dec-31 11:00:31] [ info] [  JLink] - [Info    ] [JLink     ] JLINK_HasError()  
[2021-Dec-31 11:00:31] [ info] [  JLink] - [Info    ] [JLink     ] JLINK_CORESIGHT_ReadAPDPReg(DP reg 0x01)  
[2021-Dec-31 11:00:31] [ info] [  JLink] - [Info    ] [JLink     ] Value=0x00000000
[2021-Dec-31 11:00:31] [ info] [  JLink] - [Info    ] [JLink     ] - 0.252ms returns 0  
[2021-Dec-31 11:00:31] [ info] [  JLink] - [Info    ] [JLink     ] JLINK_HasError()  
[2021-Dec-31 11:00:31] [ info] [  JLink] - [Info    ] [JLink     ] - 0.008ms  
[2021-Dec-31 11:00:31] [ info] [  JLink] - [Info    ] [JLink     ] JLINK_Close()  
[2021-Dec-31 11:00:31] [debug] [Backend] - Segger Backend closed.
[2021-Dec-31 11:00:31] [debug] [ nRF0x0] - open_dll
[2021-Dec-31 11:00:31] [ info] [ nRF0x0] - Load library at /Applications/Nordic Semiconductor/nrfjprog/libjlinkarm_nrf52_nrfjprogdll.dylib.
[2021-Dec-31 11:00:31] [ info] [ nRF0x0] - Library loaded, loading member functions.
[2021-Dec-31 11:00:31] [ info] [ nRF0x0] - Member functions succesfully loaded.
[2021-Dec-31 11:00:31] [ info] [Backend] - Logger callback at 0x100463300 registered in Segger backend logger.
[2021-Dec-31 11:00:31] [ info] [  JLink] - [Info    ] [JLink     ] Logger callback at 0x100463300 registered in JLink logger.
[2021-Dec-31 11:00:31] [debug] [nRF520x0] - open
[2021-Dec-31 11:00:31] [debug] [Backend] - open_dll
[2021-Dec-31 11:00:31] [ info] [Backend] - No J-Link DLL path was provided. Attempting to auto detect.
[2021-Dec-31 11:00:31] [ info] [Backend] - Load library at /Applications/SEGGER/JLink/libjlinkarm.7.58.2.dylib.
[2021-Dec-31 11:00:31] [ info] [Backend] - Library loaded, loading member functions.
[2021-Dec-31 11:00:31] [ info] [Backend] - Member functions succesfully loaded.
[2021-Dec-31 11:00:31] [debug] [Backend] - dll_version
[2021-Dec-31 11:00:31] [ info] [Backend] - Segger dll version 7.58.b loaded.
[2021-Dec-31 11:00:31] [debug] [ nRF0x0] - connect_to_emu_with_snr
[2021-Dec-31 11:00:31] [debug] [nRF520x0] - connect_to_emu_with_snr
[2021-Dec-31 11:00:31] [debug] [Backend] - is_connected_to_emu
[2021-Dec-31 11:00:31] [debug] [Backend] - connect_to_emu_with_snr
[2021-Dec-31 11:00:31] [debug] [Backend] - is_connected_to_emu
[2021-Dec-31 11:00:31] [debug] [Backend] - ---just_enum_emu_snr
[2021-Dec-31 11:00:31] [debug] [Backend] - ---just_get_num_emus
[2021-Dec-31 11:00:31] [debug] [Backend] - ---just_connect_to_emu_with_snr
[2021-Dec-31 11:00:31] [debug] [Backend] - ---just_connect_to_emu_without_snr
[2021-Dec-31 11:00:31] [ info] [Backend] - Segger logging enabled.
[2021-Dec-31 11:00:31] [ info] [  JLink] - [Info    ] [JLink     ] Firmware: J-Link OB-SAM3U128-V2-NordicSemi compiled Feb  2 2021 16:47:20
[2021-Dec-31 11:00:31] [ info] [  JLink] - [Info    ] [JLink     ] Firmware: J-Link OB-SAM3U128-V2-NordicSemi compiled Feb  2 2021 16:47:20
[2021-Dec-31 11:00:31] [ info] [  JLink] - [Info    ] [JLink     ] Hardware: V1.00
[2021-Dec-31 11:00:31] [ info] [  JLink] - [Info    ] [JLink     ] S/N: 683048752
[2021-Dec-31 11:00:31] [ info] [  JLink] - [Info    ] [JLink     ] OEM: SEGGER
[2021-Dec-31 11:00:31] [ info] [  JLink] - [Info    ] [JLink     ] Feature(s): RDI, FlashBP, FlashDL, JFlash, GDB
[2021-Dec-31 11:00:31] [ info] [  JLink] - [Info    ] [JLink     ] TELNET listener socket opened on port 19021
[2021-Dec-31 11:00:31] [ info] [  JLink] - [Info    ] [JLink     ] WEBSRV WEBSRV_Init(): Starting webserver thread(s)
[2021-Dec-31 11:00:31] [ info] [  JLink] - [Info    ] [JLink     ] WEBSRV Webserver running on local port 19080
[2021-Dec-31 11:00:31] [ info] [  JLink] - [Info    ] [JLink     ] - 6.518ms returns "O.K."  
[2021-Dec-31 11:00:31] [ info] [  JLink] - [Info    ] [JLink     ] JLINK_HasError()  
[2021-Dec-31 11:00:31] [ info] [  JLink] - [Info    ] [JLink     ] JLINK_Lock()  
[2021-Dec-31 11:00:31] [ info] [  JLink] - [Info    ] [JLink     ] JLINK_GetHWStatus(...)  
[2021-Dec-31 11:00:31] [ info] [  JLink] - [Info    ] [JLink     ] - 0.210ms returns 0  
[2021-Dec-31 11:00:31] [ info] [  JLink] - [Info    ] [JLink     ] JLINK_HasError()  
[2021-Dec-31 11:00:31] [ info] [  JLink] - [Info    ] [JLink     ] JLINK_ExecCommand("SetRestartOnClose = 0", ...).   
[2021-Dec-31 11:00:31] [ info] [  JLink] - [Info    ] [JLink     ] - 0.007ms returns 0x01  
[2021-Dec-31 11:00:31] [ info] [  JLink] - [Info    ] [JLink     ] JLINK_HasError()  
[2021-Dec-31 11:00:31] [ info] [  JLink] - [Info    ] [JLink     ] JLINK_ExecCommand("DisableFlashDL", ...).   
[2021-Dec-31 11:00:31] [ info] [  JLink] - [Info    ] [JLink     ] - 0.008ms returns 0x00  
[2021-Dec-31 11:00:31] [ info] [  JLink] - [Info    ] [JLink     ] JLINK_HasError()  
[2021-Dec-31 11:00:31] [ info] [  JLink] - [Info    ] [JLink     ] JLINK_ExecCommand("ExcludeFlashCacheRange 0x0-0xFFFFFFFF", ...).   
[2021-Dec-31 11:00:31] [ info] [  JLink] - [Info    ] [JLink     ] - 0.007ms returns 0x00  
[2021-Dec-31 11:00:31] [ info] [  JLink] - [Info    ] [JLink     ] JLINK_HasError()  
[2021-Dec-31 11:00:31] [ info] [  JLink] - [Info    ] [JLink     ] JLINK_SetHookUnsecureDialog  
[2021-Dec-31 11:00:31] [ info] [  JLink] - [Info    ] [JLink     ] JLINK_SetHookUnsecureDialog(...)
[2021-Dec-31 11:00:31] [ info] [  JLink] - [Info    ] [JLink     ] - 0.022ms returns 0  
[2021-Dec-31 11:00:31] [ info] [  JLink] - [Info    ] [JLink     ] JLINK_HasError()  
[2021-Dec-31 11:00:31] [ info] [  JLink] - [Info    ] [JLink     ] JLINK_TIF_Select(JLINKARM_TIF_SWD)  
[2021-Dec-31 11:00:31] [ info] [  JLink] - [Info    ] [JLink     ] - 0.665ms returns 0x00  
[2021-Dec-31 11:00:31] [ info] [  JLink] - [Info    ] [JLink     ] JLINK_HasError()  
[2021-Dec-31 11:00:31] [ info] [  JLink] - [Info    ] [JLink     ] JLINK_SetSpeed(2000)  
[2021-Dec-31 11:00:31] [ info] [  JLink] - [Info    ] [JLink     ] - 0.090ms  
[2021-Dec-31 11:00:31] [ info] [  JLink] - [Info    ] [JLink     ] JLINK_HasError()  
[2021-Dec-31 11:00:31] [ info] [  JLink] - [Info    ] [JLink     ] JLINK_GetSN()  
[2021-Dec-31 11:00:31] [ info] [  JLink] - [Info    ] [JLink     ] - 0.008ms returns 683048752  
[2021-Dec-31 11:00:31] [ info] [  JLink] - [Info    ] [JLink     ] JLINK_HasError()  
[2021-Dec-31 11:00:31] [debug] [Backend] - ---just_load_core_data
[2021-Dec-31 11:00:31] [ info] [  JLink] - [Info    ] [JLink     ] JLINK_ExecCommand("CORESIGHT_SetIndexAHBAPToUse = 0", ...).   
[2021-Dec-31 11:00:31] [ info] [  JLink] - [Info    ] [JLink     ] - 0.006ms returns 0x00  
[2021-Dec-31 11:00:31] [ info] [  JLink] - [Info    ] [JLink     ] JLINK_HasError()  
[2021-Dec-31 11:00:31] [ info] [  JLink] - [Info    ] [JLink     ] JLINK_ExecCommand("device = nRF52", ...).   
[2021-Dec-31 11:00:31] [ info] [  JLink] - [Info    ] [JLink     ] XML file found at: /Applications/SEGGER/JLink_V758b/JLinkDevices.xml 
[2021-Dec-31 11:00:31] [ info] [  JLink] - [Info    ] [JLink     ] /Applications/SEGGER/JLink_V758b/JLinkDevices.xml evaluated successfully. 
[2021-Dec-31 11:00:31] [ info] [  JLink] - [Info    ] [JLink     ] Device "NRF52" selected.
[2021-Dec-31 11:00:31] [ info] [  JLink] - [Info    ] [JLink     ] Device "NRF52" selected.
[2021-Dec-31 11:00:31] [ info] [  JLink] - [Info    ] [JLink     ] - 26.833ms returns 0x00  
[2021-Dec-31 11:00:31] [ info] [  JLink] - [Info    ] [JLink     ] JLINK_HasError()  
[2021-Dec-31 11:00:31] [debug] [Backend] - read_debug_port_idr
[2021-Dec-31 11:00:31] [debug] [Backend] - read_debug_port_register
[2021-Dec-31 11:00:31] [debug] [Backend] - ---just_read_debug_port_register
[2021-Dec-31 11:00:31] [debug] [Backend] - coresight_configure
[2021-Dec-31 11:00:31] [ info] [  JLink] - [Info    ] [JLink     ] JLINK_CORESIGHT_Configure()  
[2021-Dec-31 11:00:31] [ info] [  JLink] - [Info    ] [JLink     ] - 1.040ms returns 0  
[2021-Dec-31 11:00:31] [ info] [  JLink] - [Info    ] [JLink     ] JLINK_HasError()  
[2021-Dec-31 11:00:31] [debug] [Backend] - ---just_select_debug_port_register
[2021-Dec-31 11:00:31] [debug] [Backend] - Select AP 255, DP Bank 0, AP Bank 255
[2021-Dec-31 11:00:31] [ info] [  JLink] - [Info    ] [JLink     ] JLINK_CORESIGHT_WriteAPDPReg(DP reg 0x02, 0x00000000)  
[2021-Dec-31 11:00:31] [ info] [  JLink] - [Info    ] [JLink     ] - 0.263ms returns 0  
[2021-Dec-31 11:00:31] [ info] [  JLink] - [Info    ] [JLink     ] JLINK_HasError()  
[2021-Dec-31 11:00:31] [ info] [  JLink] - [Info    ] [JLink     ] JLINK_CORESIGHT_ReadAPDPReg(DP reg 0x00)  
[2021-Dec-31 11:00:31] [ info] [  JLink] - [Info    ] [JLink     ] Value=0x2BA01477
[2021-Dec-31 11:00:31] [ info] [  JLink] - [Info    ] [JLink     ] - 0.291ms returns 0  
[2021-Dec-31 11:00:31] [ info] [  JLink] - [Info    ] [JLink     ] JLINK_HasError()  
[2021-Dec-31 11:00:31] [ info] [  JLink] - [Info    ] [JLink     ] - 0.019ms  
[2021-Dec-31 11:00:31] [debug] [ nRF0x0] - recover
[2021-Dec-31 11:00:31] [debug] [nRF520x0] - recover
[2021-Dec-31 11:00:31] [debug] [Backend] - is_connected_to_emu
[2021-Dec-31 11:00:31] [ info] [  JLink] - [Info    ] [JLink     ] JLINK_IsOpen()  
[2021-Dec-31 11:00:31] [ info] [  JLink] - [Info    ] [JLink     ] - 0.009ms returns 0x01  
[2021-Dec-31 11:00:31] [ info] [  JLink] - [Info    ] [JLink     ] JLINK_HasError()  
[2021-Dec-31 11:00:31] [ info] [  JLink] - [Info    ] [JLink     ] JLINK_Lock()  
[2021-Dec-31 11:00:31] [debug] [Backend] - is_connected_to_emu
[2021-Dec-31 11:00:31] [debug] [nRF520x0] - Just_recover
[2021-Dec-31 11:00:31] [debug] [nRF520x0] - Just_is_ctrl_ap_available
[2021-Dec-31 11:00:31] [debug] [Backend] - read_access_port_register
[2021-Dec-31 11:00:31] [debug] [Backend] - ---just_read_access_port_register
[2021-Dec-31 11:00:31] [debug] [Backend] - ---just_is_debug_region_powered
[2021-Dec-31 11:00:31] [debug] [Backend] - ---just_read_debug_port_register
[2021-Dec-31 11:00:31] [debug] [Backend] - ---just_select_debug_port_register
[2021-Dec-31 11:00:31] [debug] [Backend] - Select AP 255, DP Bank 0, AP Bank 255
[2021-Dec-31 11:00:31] [ info] [  JLink] - [Info    ] [JLink     ] JLINK_CORESIGHT_WriteAPDPReg(DP reg 0x02, 0x00000000)  
[2021-Dec-31 11:00:31] [ info] [  JLink] - [Info    ] [JLink     ] - 0.259ms returns 0  
[2021-Dec-31 11:00:31] [ info] [  JLink] - [Info    ] [JLink     ] JLINK_HasError()  
[2021-Dec-31 11:00:31] [ info] [  JLink] - [Info    ] [JLink     ] JLINK_CORESIGHT_ReadAPDPReg(DP reg 0x01)  
[2021-Dec-31 11:00:31] [ info] [  JLink] - [Info    ] [JLink     ] Value=0xF0000000
[2021-Dec-31 11:00:31] [ info] [  JLink] - [Info    ] [JLink     ] - 0.340ms returns 0  
[2021-Dec-31 11:00:31] [ info] [  JLink] - [Info    ] [JLink     ] JLINK_HasError()  
[2021-Dec-31 11:00:31] [debug] [Backend] - ---just_select_access_port_register
[2021-Dec-31 11:00:31] [debug] [Backend] - Select AP 1, DP Bank 0, AP Bank 15
[2021-Dec-31 11:00:31] [ info] [  JLink] - [Info    ] [JLink     ] JLINK_CORESIGHT_WriteAPDPReg(DP reg 0x02, 0x010000F0)  
[2021-Dec-31 11:00:31] [ info] [  JLink] - [Info    ] [JLink     ] - 0.273ms returns 0  
[2021-Dec-31 11:00:31] [ info] [  JLink] - [Info    ] [JLink     ] JLINK_HasError()  
[2021-Dec-31 11:00:31] [ info] [  JLink] - [Info    ] [JLink     ] JLINK_CORESIGHT_ReadAPDPReg(AP reg 0x03)  
[2021-Dec-31 11:00:31] [ info] [  JLink] - [Info    ] [JLink     ] Value=0x02880000
[2021-Dec-31 11:00:31] [ info] [  JLink] - [Info    ] [JLink     ] - 0.326ms returns 0  
[2021-Dec-31 11:00:31] [ info] [  JLink] - [Info    ] [JLink     ] JLINK_HasError()  
[2021-Dec-31 11:00:31] [debug] [Backend] - read_access_port_register
[2021-Dec-31 11:00:31] [debug] [Backend] - ---just_read_access_port_register
[2021-Dec-31 11:00:31] [debug] [Backend] - ---just_select_access_port_register
[2021-Dec-31 11:00:31] [ info] [  JLink] - [Info    ] [JLink     ] JLINK_CORESIGHT_ReadAPDPReg(AP reg 0x03)  
[2021-Dec-31 11:00:31] [ info] [  JLink] - [Info    ] [JLink     ] Value=0x02880000
[2021-Dec-31 11:00:31] [ info] [  JLink] - [Info    ] [JLink     ] - 0.414ms returns 0  
[2021-Dec-31 11:00:31] [ info] [  JLink] - [Info    ] [JLink     ] JLINK_HasError()  
[2021-Dec-31 11:00:31] [debug] [Backend] - read_access_port_register
[2021-Dec-31 11:00:31] [debug] [Backend] - ---just_read_access_port_register
[2021-Dec-31 11:00:31] [debug] [Backend] - ---just_select_access_port_register
[2021-Dec-31 11:00:31] [ info] [  JLink] - [Info    ] [JLink     ] JLINK_CORESIGHT_ReadAPDPReg(AP reg 0x03)  
[2021-Dec-31 11:00:31] [ info] [  JLink] - [Info    ] [JLink     ] Value=0x02880000
[2021-Dec-31 11:00:31] [ info] [  JLink] - [Info    ] [JLink     ] - 0.348ms returns 0  
[2021-Dec-31 11:00:31] [ info] [  JLink] - [Info    ] [JLink     ] JLINK_HasError()  
[2021-Dec-31 11:00:31] [debug] [Backend] - read_access_port_register
[2021-Dec-31 11:00:31] [debug] [Backend] - ---just_read_access_port_register
[2021-Dec-31 11:00:31] [debug] [Backend] - ---just_select_access_port_register
[2021-Dec-31 11:00:31] [ info] [  JLink] - [Info    ] [JLink     ] JLINK_CORESIGHT_ReadAPDPReg(AP reg 0x03)  
[2021-Dec-31 11:00:31] [ info] [  JLink] - [Info    ] [JLink     ] Value=0x02880000
[2021-Dec-31 11:00:31] [ info] [  JLink] - [Info    ] [JLink     ] - 0.304ms returns 0  
[2021-Dec-31 11:00:31] [ info] [  JLink] - [Info    ] [JLink     ] JLINK_HasError()  
[2021-Dec-31 11:00:31] [debug] [Backend] - write_access_port_register
[2021-Dec-31 11:00:31] [debug] [Backend] - ---just_write_access_port_register
[2021-Dec-31 11:00:31] [debug] [Backend] - ---just_select_access_port_register
[2021-Dec-31 11:00:31] [debug] [Backend] - Select AP 1, DP Bank 0, AP Bank 0
[2021-Dec-31 11:00:31] [ info] [  JLink] - [Info    ] [JLink     ] JLINK_CORESIGHT_WriteAPDPReg(DP reg 0x02, 0x01000000)  
[2021-Dec-31 11:00:31] [ info] [  JLink] - [Info    ] [JLink     ] - 0.275ms returns 0  
[2021-Dec-31 11:00:31] [ info] [  JLink] - [Info    ] [JLink     ] JLINK_HasError()  
[2021-Dec-31 11:00:31] [ info] [  JLink] - [Info    ] [JLink     ] JLINK_CORESIGHT_WriteAPDPReg(AP reg 0x01, 0x00000001)  
[2021-Dec-31 11:00:31] [ info] [  JLink] - [Info    ] [JLink     ] - 0.247ms returns 0  
[2021-Dec-31 11:00:31] [ info] [  JLink] - [Info    ] [JLink     ] JLINK_HasError()  
[2021-Dec-31 11:00:31] [debug] [Backend] - read_access_port_register
[2021-Dec-31 11:00:31] [debug] [Backend] - ---just_read_access_port_register
[2021-Dec-31 11:00:31] [debug] [Backend] - ---just_select_access_port_register
[2021-Dec-31 11:00:31] [ info] [  JLink] - [Info    ] [JLink     ] JLINK_CORESIGHT_ReadAPDPReg(AP reg 0x02)  
[2021-Dec-31 11:00:31] [ info] [  JLink] - [Info    ] [JLink     ] Value=0x00000001
[2021-Dec-31 11:00:31] [ info] [  JLink] - [Info    ] [JLink     ] - 0.424ms returns 0  
[2021-Dec-31 11:00:31] [ info] [  JLink] - [Info    ] [JLink     ] JLINK_HasError()  
[2021-Dec-31 11:00:32] [debug] [Backend] - read_access_port_register
[2021-Dec-31 11:00:32] [debug] [Backend] - ---just_read_access_port_register
[2021-Dec-31 11:00:32] [debug] [Backend] - ---just_select_access_port_register
[2021-Dec-31 11:00:32] [ info] [  JLink] - [Info    ] [JLink     ] JLINK_CORESIGHT_ReadAPDPReg(AP reg 0x02)  
[2021-Dec-31 11:00:32] [ info] [  JLink] - [Info    ] [JLink     ] Value=0x00000000
[2021-Dec-31 11:00:32] [ info] [  JLink] - [Info    ] [JLink     ] - 0.419ms returns 0  
[2021-Dec-31 11:00:32] [ info] [  JLink] - [Info    ] [JLink     ] JLINK_HasError()  
[2021-Dec-31 11:00:32] [debug] [nRF520x0] - Just_debug_reset
[2021-Dec-31 11:00:32] [debug] [nRF520x0] - Just_is_ctrl_ap_available
[2021-Dec-31 11:00:32] [debug] [Backend] - read_access_port_register
[2021-Dec-31 11:00:32] [debug] [Backend] - ---just_read_access_port_register
[2021-Dec-31 11:00:32] [debug] [Backend] - ---just_select_access_port_register
[2021-Dec-31 11:00:32] [debug] [Backend] - Select AP 1, DP Bank 0, AP Bank 15
[2021-Dec-31 11:00:32] [ info] [  JLink] - [Info    ] [JLink     ] JLINK_CORESIGHT_WriteAPDPReg(DP reg 0x02, 0x010000F0)  
[2021-Dec-31 11:00:32] [ info] [  JLink] - [Info    ] [JLink     ] - 0.256ms returns 0  
[2021-Dec-31 11:00:32] [ info] [  JLink] - [Info    ] [JLink     ] JLINK_HasError()  
[2021-Dec-31 11:00:32] [ info] [  JLink] - [Info    ] [JLink     ] JLINK_CORESIGHT_ReadAPDPReg(AP reg 0x03)  
[2021-Dec-31 11:00:32] [ info] [  JLink] - [Info    ] [JLink     ] Value=0x02880000
[2021-Dec-31 11:00:32] [ info] [  JLink] - [Info    ] [JLink     ] - 0.311ms returns 0  
[2021-Dec-31 11:00:32] [ info] [  JLink] - [Info    ] [JLink     ] JLINK_HasError()  
[2021-Dec-31 11:00:32] [debug] [Backend] - read_access_port_register
[2021-Dec-31 11:00:32] [debug] [Backend] - ---just_read_access_port_register
[2021-Dec-31 11:00:32] [debug] [Backend] - ---just_select_access_port_register
[2021-Dec-31 11:00:32] [ info] [  JLink] - [Info    ] [JLink     ] JLINK_CORESIGHT_ReadAPDPReg(AP reg 0x03)  
[2021-Dec-31 11:00:32] [ info] [  JLink] - [Info    ] [JLink     ] Value=0x02880000
[2021-Dec-31 11:00:32] [ info] [  JLink] - [Info    ] [JLink     ] - 0.315ms returns 0  
[2021-Dec-31 11:00:32] [ info] [  JLink] - [Info    ] [JLink     ] JLINK_HasError()  
[2021-Dec-31 11:00:32] [debug] [Backend] - read_access_port_register
[2021-Dec-31 11:00:32] [debug] [Backend] - ---just_read_access_port_register
[2021-Dec-31 11:00:32] [debug] [Backend] - ---just_select_access_port_register
[2021-Dec-31 11:00:32] [ info] [  JLink] - [Info    ] [JLink     ] JLINK_CORESIGHT_ReadAPDPReg(AP reg 0x03)  
[2021-Dec-31 11:00:32] [ info] [  JLink] - [Info    ] [JLink     ] Value=0x02880000
[2021-Dec-31 11:00:32] [ info] [  JLink] - [Info    ] [JLink     ] - 0.426ms returns 0  
[2021-Dec-31 11:00:32] [ info] [  JLink] - [Info    ] [JLink     ] JLINK_HasError()  
[2021-Dec-31 11:00:32] [debug] [Backend] - read_access_port_register
[2021-Dec-31 11:00:32] [debug] [Backend] - ---just_read_access_port_register
[2021-Dec-31 11:00:32] [debug] [Backend] - ---just_select_access_port_register
[2021-Dec-31 11:00:32] [ info] [  JLink] - [Info    ] [JLink     ] JLINK_CORESIGHT_ReadAPDPReg(AP reg 0x03)  
[2021-Dec-31 11:00:32] [ info] [  JLink] - [Info    ] [JLink     ] Value=0x02880000
[2021-Dec-31 11:00:32] [ info] [  JLink] - [Info    ] [JLink     ] - 0.317ms returns 0  
[2021-Dec-31 11:00:32] [ info] [  JLink] - [Info    ] [JLink     ] JLINK_HasError()  
[2021-Dec-31 11:00:32] [debug] [Backend] - write_access_port_register
[2021-Dec-31 11:00:32] [debug] [Backend] - ---just_write_access_port_register
[2021-Dec-31 11:00:32] [debug] [Backend] - ---just_select_access_port_register
[2021-Dec-31 11:00:32] [debug] [Backend] - Select AP 1, DP Bank 0, AP Bank 0
[2021-Dec-31 11:00:32] [ info] [  JLink] - [Info    ] [JLink     ] JLINK_CORESIGHT_WriteAPDPReg(DP reg 0x02, 0x01000000)  
[2021-Dec-31 11:00:32] [ info] [  JLink] - [Info    ] [JLink     ] - 0.271ms returns 0  
[2021-Dec-31 11:00:32] [ info] [  JLink] - [Info    ] [JLink     ] JLINK_HasError()  
[2021-Dec-31 11:00:32] [ info] [  JLink] - [Info    ] [JLink     ] JLINK_CORESIGHT_WriteAPDPReg(AP reg 0x00, 0x00000001)  
[2021-Dec-31 11:00:32] [ info] [  JLink] - [Info    ] [JLink     ] - 0.268ms returns 0  
[2021-Dec-31 11:00:32] [ info] [  JLink] - [Info    ] [JLink     ] JLINK_HasError()  
[2021-Dec-31 11:00:32] [debug] [Backend] - write_access_port_register
[2021-Dec-31 11:00:32] [debug] [Backend] - ---just_write_access_port_register
[2021-Dec-31 11:00:32] [debug] [Backend] - ---just_select_access_port_register
[2021-Dec-31 11:00:32] [ info] [  JLink] - [Info    ] [JLink     ] JLINK_CORESIGHT_WriteAPDPReg(AP reg 0x00, 0x00000000)  
[2021-Dec-31 11:00:32] [ info] [  JLink] - [Info    ] [JLink     ] - 0.321ms returns 0  
[2021-Dec-31 11:00:32] [ info] [  JLink] - [Info    ] [JLink     ] JLINK_HasError()  
[2021-Dec-31 11:00:32] [debug] [Backend] - write_access_port_register
[2021-Dec-31 11:00:32] [debug] [Backend] - ---just_write_access_port_register
[2021-Dec-31 11:00:32] [debug] [Backend] - ---just_select_access_port_register
[2021-Dec-31 11:00:32] [ info] [  JLink] - [Info    ] [JLink     ] JLINK_CORESIGHT_WriteAPDPReg(AP reg 0x01, 0x00000000)  
[2021-Dec-31 11:00:32] [ info] [  JLink] - [Info    ] [JLink     ] - 0.267ms returns 0  
[2021-Dec-31 11:00:32] [ info] [  JLink] - [Info    ] [JLink     ] JLINK_HasError()  
[2021-Dec-31 11:00:32] [debug] [nRF520x0] - Just_readback_status
[2021-Dec-31 11:00:32] [debug] [nRF520x0] - Just_is_ctrl_ap_available
[2021-Dec-31 11:00:32] [debug] [Backend] - read_access_port_register
[2021-Dec-31 11:00:32] [debug] [Backend] - ---just_read_access_port_register
[2021-Dec-31 11:00:32] [debug] [Backend] - ---just_select_access_port_register
[2021-Dec-31 11:00:32] [debug] [Backend] - Select AP 1, DP Bank 0, AP Bank 15
[2021-Dec-31 11:00:32] [ info] [  JLink] - [Info    ] [JLink     ] JLINK_CORESIGHT_WriteAPDPReg(DP reg 0x02, 0x010000F0)  
[2021-Dec-31 11:00:32] [ info] [  JLink] - [Info    ] [JLink     ] - 0.327ms returns 0  
[2021-Dec-31 11:00:32] [ info] [  JLink] - [Info    ] [JLink     ] JLINK_HasError()  
[2021-Dec-31 11:00:32] [ info] [  JLink] - [Info    ] [JLink     ] JLINK_CORESIGHT_ReadAPDPReg(AP reg 0x03)  
[2021-Dec-31 11:00:32] [ info] [  JLink] - [Info    ] [JLink     ] Value=0x02880000
[2021-Dec-31 11:00:32] [ info] [  JLink] - [Info    ] [JLink     ] - 0.352ms returns 0  
[2021-Dec-31 11:00:32] [ info] [  JLink] - [Info    ] [JLink     ] JLINK_HasError()  
[2021-Dec-31 11:00:32] [debug] [Backend] - read_access_port_register
[2021-Dec-31 11:00:32] [debug] [Backend] - ---just_read_access_port_register
[2021-Dec-31 11:00:32] [debug] [Backend] - ---just_select_access_port_register
[2021-Dec-31 11:00:32] [ info] [  JLink] - [Info    ] [JLink     ] JLINK_CORESIGHT_ReadAPDPReg(AP reg 0x03)  
[2021-Dec-31 11:00:32] [ info] [  JLink] - [Info    ] [JLink     ] Value=0x02880000
[2021-Dec-31 11:00:32] [ info] [  JLink] - [Info    ] [JLink     ] - 0.288ms returns 0  
[2021-Dec-31 11:00:32] [ info] [  JLink] - [Info    ] [JLink     ] JLINK_HasError()  
[2021-Dec-31 11:00:32] [debug] [Backend] - read_access_port_register
[2021-Dec-31 11:00:32] [debug] [Backend] - ---just_read_access_port_register
[2021-Dec-31 11:00:32] [debug] [Backend] - ---just_select_access_port_register
[2021-Dec-31 11:00:32] [ info] [  JLink] - [Info    ] [JLink     ] JLINK_CORESIGHT_ReadAPDPReg(AP reg 0x03)  
[2021-Dec-31 11:00:32] [ info] [  JLink] - [Info    ] [JLink     ] Value=0x02880000
[2021-Dec-31 11:00:32] [ info] [  JLink] - [Info    ] [JLink     ] - 0.309ms returns 0  
[2021-Dec-31 11:00:32] [ info] [  JLink] - [Info    ] [JLink     ] JLINK_HasError()  
[2021-Dec-31 11:00:32] [debug] [Backend] - read_access_port_register
[2021-Dec-31 11:00:32] [debug] [Backend] - ---just_read_access_port_register
[2021-Dec-31 11:00:32] [debug] [Backend] - ---just_select_access_port_register
[2021-Dec-31 11:00:32] [ info] [  JLink] - [Info    ] [JLink     ] JLINK_CORESIGHT_ReadAPDPReg(AP reg 0x03)  
[2021-Dec-31 11:00:32] [ info] [  JLink] - [Info    ] [JLink     ] Value=0x02880000
[2021-Dec-31 11:00:32] [ info] [  JLink] - [Info    ] [JLink     ] - 0.294ms returns 0  
[2021-Dec-31 11:00:32] [ info] [  JLink] - [Info    ] [JLink     ] JLINK_HasError()  
[2021-Dec-31 11:00:32] [debug] [Backend] - read_access_port_register
[2021-Dec-31 11:00:32] [debug] [Backend] - ---just_read_access_port_register
[2021-Dec-31 11:00:32] [debug] [Backend] - ---just_select_access_port_register
[2021-Dec-31 11:00:32] [debug] [Backend] - Select AP 1, DP Bank 0, AP Bank 0
[2021-Dec-31 11:00:32] [ info] [  JLink] - [Info    ] [JLink     ] JLINK_CORESIGHT_WriteAPDPReg(DP reg 0x02, 0x01000000)  
[2021-Dec-31 11:00:32] [ info] [  JLink] - [Info    ] [JLink     ] - 0.253ms returns 0  
[2021-Dec-31 11:00:32] [ info] [  JLink] - [Info    ] [JLink     ] JLINK_HasError()  
[2021-Dec-31 11:00:32] [ info] [  JLink] - [Info    ] [JLink     ] JLINK_CORESIGHT_ReadAPDPReg(AP reg 0x03)  
[2021-Dec-31 11:00:32] [ info] [  JLink] - [Info    ] [JLink     ] Value=0x00000001
[2021-Dec-31 11:00:32] [ info] [  JLink] - [Info    ] [JLink     ] - 0.288ms returns 0  
[2021-Dec-31 11:00:32] [ info] [  JLink] - [Info    ] [JLink     ] JLINK_HasError()  
[2021-Dec-31 11:00:32] [debug] [Backend] - read_access_port_register
[2021-Dec-31 11:00:32] [debug] [Backend] - ---just_read_access_port_register
[2021-Dec-31 11:00:32] [debug] [Backend] - ---just_select_access_port_register
[2021-Dec-31 11:00:32] [ info] [  JLink] - [Info    ] [JLink     ] JLINK_CORESIGHT_ReadAPDPReg(AP reg 0x03)  
[2021-Dec-31 11:00:32] [ info] [  JLink] - [Info    ] [JLink     ] Value=0x00000001
[2021-Dec-31 11:00:32] [ info] [  JLink] - [Info    ] [JLink     ] - 0.309ms returns 0  
[2021-Dec-31 11:00:32] [ info] [  JLink] - [Info    ] [JLink     ] JLINK_HasError()  
[2021-Dec-31 11:00:32] [debug] [Backend] - read_access_port_register
[2021-Dec-31 11:00:32] [debug] [Backend] - ---just_read_access_port_register
[2021-Dec-31 11:00:32] [debug] [Backend] - ---just_select_access_port_register
[2021-Dec-31 11:00:32] [ info] [  JLink] - [Info    ] [JLink     ] JLINK_CORESIGHT_ReadAPDPReg(AP reg 0x03)  
[2021-Dec-31 11:00:32] [ info] [  JLink] - [Info    ] [JLink     ] Value=0x00000001
[2021-Dec-31 11:00:32] [ info] [  JLink] - [Info    ] [JLink     ] - 0.320ms returns 0  
[2021-Dec-31 11:00:32] [ info] [  JLink] - [Info    ] [JLink     ] JLINK_HasError()  
[2021-Dec-31 11:00:32] [debug] [Backend] - read_access_port_register
[2021-Dec-31 11:00:32] [debug] [Backend] - ---just_read_access_port_register
[2021-Dec-31 11:00:32] [debug] [Backend] - ---just_select_access_port_register
[2021-Dec-31 11:00:32] [ info] [  JLink] - [Info    ] [JLink     ] JLINK_CORESIGHT_ReadAPDPReg(AP reg 0x03)  
[2021-Dec-31 11:00:32] [ info] [  JLink] - [Info    ] [JLink     ] Value=0x00000001
[2021-Dec-31 11:00:32] [ info] [  JLink] - [Info    ] [JLink     ] - 0.333ms returns 0  
[2021-Dec-31 11:00:32] [ info] [  JLink] - [Info    ] [JLink     ] JLINK_HasError()  
[2021-Dec-31 11:00:32] [ info] [nRF520x0] - Protection status read as NONE
[2021-Dec-31 11:00:32] [debug] [nRF520x0] - Just_debug_reset
[2021-Dec-31 11:00:32] [debug] [nRF520x0] - Just_is_ctrl_ap_available
[2021-Dec-31 11:00:32] [debug] [Backend] - read_access_port_register
[2021-Dec-31 11:00:32] [debug] [Backend] - ---just_read_access_port_register
[2021-Dec-31 11:00:32] [debug] [Backend] - ---just_select_access_port_register
[2021-Dec-31 11:00:32] [debug] [Backend] - Select AP 1, DP Bank 0, AP Bank 15
[2021-Dec-31 11:00:32] [ info] [  JLink] - [Info    ] [JLink     ] JLINK_CORESIGHT_WriteAPDPReg(DP reg 0x02, 0x010000F0)  
[2021-Dec-31 11:00:32] [ info] [  JLink] - [Info    ] [JLink     ] - 0.230ms returns 0  
[2021-Dec-31 11:00:32] [ info] [  JLink] - [Info    ] [JLink     ] JLINK_HasError()  
[2021-Dec-31 11:00:32] [ info] [  JLink] - [Info    ] [JLink     ] JLINK_CORESIGHT_ReadAPDPReg(AP reg 0x03)  
[2021-Dec-31 11:00:32] [ info] [  JLink] - [Info    ] [JLink     ] Value=0x02880000
[2021-Dec-31 11:00:32] [ info] [  JLink] - [Info    ] [JLink     ] - 0.306ms returns 0  
[2021-Dec-31 11:00:32] [ info] [  JLink] - [Info    ] [JLink     ] JLINK_HasError()  
[2021-Dec-31 11:00:32] [debug] [Backend] - read_access_port_register
[2021-Dec-31 11:00:32] [debug] [Backend] - ---just_read_access_port_register
[2021-Dec-31 11:00:32] [debug] [Backend] - ---just_select_access_port_register
[2021-Dec-31 11:00:32] [ info] [  JLink] - [Info    ] [JLink     ] JLINK_CORESIGHT_ReadAPDPReg(AP reg 0x03)  
[2021-Dec-31 11:00:32] [ info] [  JLink] - [Info    ] [JLink     ] Value=0x02880000
[2021-Dec-31 11:00:32] [ info] [  JLink] - [Info    ] [JLink     ] - 0.270ms returns 0  
[2021-Dec-31 11:00:32] [ info] [  JLink] - [Info    ] [JLink     ] JLINK_HasError()  
[2021-Dec-31 11:00:32] [debug] [Backend] - read_access_port_register
[2021-Dec-31 11:00:32] [debug] [Backend] - ---just_read_access_port_register
[2021-Dec-31 11:00:32] [debug] [Backend] - ---just_select_access_port_register
[2021-Dec-31 11:00:32] [ info] [  JLink] - [Info    ] [JLink     ] JLINK_CORESIGHT_ReadAPDPReg(AP reg 0x03)  
[2021-Dec-31 11:00:32] [ info] [  JLink] - [Info    ] [JLink     ] Value=0x02880000
[2021-Dec-31 11:00:32] [ info] [  JLink] - [Info    ] [JLink     ] - 0.293ms returns 0  
[2021-Dec-31 11:00:32] [ info] [  JLink] - [Info    ] [JLink     ] JLINK_HasError()  
[2021-Dec-31 11:00:32] [debug] [Backend] - read_access_port_register
[2021-Dec-31 11:00:32] [debug] [Backend] - ---just_read_access_port_register
[2021-Dec-31 11:00:32] [debug] [Backend] - ---just_select_access_port_register
[2021-Dec-31 11:00:32] [ info] [  JLink] - [Info    ] [JLink     ] JLINK_CORESIGHT_ReadAPDPReg(AP reg 0x03)  
[2021-Dec-31 11:00:32] [ info] [  JLink] - [Info    ] [JLink     ] Value=0x02880000
[2021-Dec-31 11:00:32] [ info] [  JLink] - [Info    ] [JLink     ] - 0.298ms returns 0  
[2021-Dec-31 11:00:32] [ info] [  JLink] - [Info    ] [JLink     ] JLINK_HasError()  
[2021-Dec-31 11:00:32] [debug] [Backend] - write_access_port_register
[2021-Dec-31 11:00:32] [debug] [Backend] - ---just_write_access_port_register
[2021-Dec-31 11:00:32] [debug] [Backend] - ---just_select_access_port_register
[2021-Dec-31 11:00:32] [debug] [Backend] - Select AP 1, DP Bank 0, AP Bank 0
[2021-Dec-31 11:00:32] [ info] [  JLink] - [Info    ] [JLink     ] JLINK_CORESIGHT_WriteAPDPReg(DP reg 0x02, 0x01000000)  
[2021-Dec-31 11:00:32] [ info] [  JLink] - [Info    ] [JLink     ] - 0.230ms returns 0  
[2021-Dec-31 11:00:32] [ info] [  JLink] - [Info    ] [JLink     ] JLINK_HasError()  
[2021-Dec-31 11:00:32] [ info] [  JLink] - [Info    ] [JLink     ] JLINK_CORESIGHT_WriteAPDPReg(AP reg 0x00, 0x00000001)  
[2021-Dec-31 11:00:32] [ info] [  JLink] - [Info    ] [JLink     ] - 0.237ms returns 0  
[2021-Dec-31 11:00:32] [ info] [  JLink] - [Info    ] [JLink     ] JLINK_HasError()  
[2021-Dec-31 11:00:32] [debug] [Backend] - write_access_port_register
[2021-Dec-31 11:00:32] [debug] [Backend] - ---just_write_access_port_register
[2021-Dec-31 11:00:32] [debug] [Backend] - ---just_select_access_port_register
[2021-Dec-31 11:00:32] [ info] [  JLink] - [Info    ] [JLink     ] JLINK_CORESIGHT_WriteAPDPReg(AP reg 0x00, 0x00000000)  
[2021-Dec-31 11:00:32] [ info] [  JLink] - [Info    ] [JLink     ] - 0.313ms returns 0  
[2021-Dec-31 11:00:32] [ info] [  JLink] - [Info    ] [JLink     ] JLINK_HasError()  
[2021-Dec-31 11:00:32] [debug] [nRF520x0] - write_approtect
[2021-Dec-31 11:00:32] [ info] [nRF520x0] - Restoring UICR values to keep device unprotected.
[2021-Dec-31 11:00:32] [debug] [nRF520x0] - Just_read_device_version
[2021-Dec-31 11:00:32] [debug] [nRF520x0] - Just_readback_status
[2021-Dec-31 11:00:32] [debug] [nRF520x0] - Just_is_ctrl_ap_available
[2021-Dec-31 11:00:32] [debug] [Backend] - read_access_port_register
[2021-Dec-31 11:00:32] [debug] [Backend] - ---just_read_access_port_register
[2021-Dec-31 11:00:32] [debug] [Backend] - ---just_select_access_port_register
[2021-Dec-31 11:00:32] [debug] [Backend] - Select AP 1, DP Bank 0, AP Bank 15
[2021-Dec-31 11:00:32] [ info] [  JLink] - [Info    ] [JLink     ] JLINK_CORESIGHT_WriteAPDPReg(DP reg 0x02, 0x010000F0)  
[2021-Dec-31 11:00:32] [ info] [  JLink] - [Info    ] [JLink     ] - 0.256ms returns 0  
[2021-Dec-31 11:00:32] [ info] [  JLink] - [Info    ] [JLink     ] JLINK_HasError()  
[2021-Dec-31 11:00:32] [ info] [  JLink] - [Info    ] [JLink     ] JLINK_CORESIGHT_ReadAPDPReg(AP reg 0x03)  
[2021-Dec-31 11:00:32] [ info] [  JLink] - [Info    ] [JLink     ] Value=0x02880000
[2021-Dec-31 11:00:32] [ info] [  JLink] - [Info    ] [JLink     ] - 0.343ms returns 0  
[2021-Dec-31 11:00:32] [ info] [  JLink] - [Info    ] [JLink     ] JLINK_HasError()  
[2021-Dec-31 11:00:32] [debug] [Backend] - read_access_port_register
[2021-Dec-31 11:00:32] [debug] [Backend] - ---just_read_access_port_register
[2021-Dec-31 11:00:32] [debug] [Backend] - ---just_select_access_port_register
[2021-Dec-31 11:00:32] [ info] [  JLink] - [Info    ] [JLink     ] JLINK_CORESIGHT_ReadAPDPReg(AP reg 0x03)  
[2021-Dec-31 11:00:32] [ info] [  JLink] - [Info    ] [JLink     ] Value=0x02880000
[2021-Dec-31 11:00:32] [ info] [  JLink] - [Info    ] [JLink     ] - 0.334ms returns 0  
[2021-Dec-31 11:00:32] [ info] [  JLink] - [Info    ] [JLink     ] JLINK_HasError()  
[2021-Dec-31 11:00:32] [debug] [Backend] - read_access_port_register
[2021-Dec-31 11:00:32] [debug] [Backend] - ---just_read_access_port_register
[2021-Dec-31 11:00:32] [debug] [Backend] - ---just_select_access_port_register
[2021-Dec-31 11:00:32] [ info] [  JLink] - [Info    ] [JLink     ] JLINK_CORESIGHT_ReadAPDPReg(AP reg 0x03)  
[2021-Dec-31 11:00:32] [ info] [  JLink] - [Info    ] [JLink     ] Value=0x02880000
[2021-Dec-31 11:00:32] [ info] [  JLink] - [Info    ] [JLink     ] - 0.302ms returns 0  
[2021-Dec-31 11:00:32] [ info] [  JLink] - [Info    ] [JLink     ] JLINK_HasError()  
[2021-Dec-31 11:00:32] [debug] [Backend] - read_access_port_register
[2021-Dec-31 11:00:32] [debug] [Backend] - ---just_read_access_port_register
[2021-Dec-31 11:00:32] [debug] [Backend] - ---just_select_access_port_register
[2021-Dec-31 11:00:32] [ info] [  JLink] - [Info    ] [JLink     ] JLINK_CORESIGHT_ReadAPDPReg(AP reg 0x03)  
[2021-Dec-31 11:00:32] [ info] [  JLink] - [Info    ] [JLink     ] Value=0x02880000
[2021-Dec-31 11:00:32] [ info] [  JLink] - [Info    ] [JLink     ] - 0.305ms returns 0  
[2021-Dec-31 11:00:32] [ info] [  JLink] - [Info    ] [JLink     ] JLINK_HasError()  
[2021-Dec-31 11:00:32] [debug] [Backend] - read_access_port_register
[2021-Dec-31 11:00:32] [debug] [Backend] - ---just_read_access_port_register
[2021-Dec-31 11:00:32] [debug] [Backend] - ---just_select_access_port_register
[2021-Dec-31 11:00:32] [debug] [Backend] - Select AP 1, DP Bank 0, AP Bank 0
[2021-Dec-31 11:00:32] [ info] [  JLink] - [Info    ] [JLink     ] JLINK_CORESIGHT_WriteAPDPReg(DP reg 0x02, 0x01000000)  
[2021-Dec-31 11:00:32] [ info] [  JLink] - [Info    ] [JLink     ] - 0.294ms returns 0  
[2021-Dec-31 11:00:32] [ info] [  JLink] - [Info    ] [JLink     ] JLINK_HasError()  
[2021-Dec-31 11:00:32] [ info] [  JLink] - [Info    ] [JLink     ] JLINK_CORESIGHT_ReadAPDPReg(AP reg 0x03)  
[2021-Dec-31 11:00:32] [ info] [  JLink] - [Info    ] [JLink     ] Value=0x00000001
[2021-Dec-31 11:00:32] [ info] [  JLink] - [Info    ] [JLink     ] - 0.312ms returns 0  
[2021-Dec-31 11:00:32] [ info] [  JLink] - [Info    ] [JLink     ] JLINK_HasError()  
[2021-Dec-31 11:00:32] [debug] [Backend] - read_access_port_register
[2021-Dec-31 11:00:32] [debug] [Backend] - ---just_read_access_port_register
[2021-Dec-31 11:00:32] [debug] [Backend] - ---just_select_access_port_register
[2021-Dec-31 11:00:32] [ info] [  JLink] - [Info    ] [JLink     ] JLINK_CORESIGHT_ReadAPDPReg(AP reg 0x03)  
[2021-Dec-31 11:00:32] [ info] [  JLink] - [Info    ] [JLink     ] Value=0x00000001
[2021-Dec-31 11:00:32] [ info] [  JLink] - [Info    ] [JLink     ] - 0.286ms returns 0  
[2021-Dec-31 11:00:32] [ info] [  JLink] - [Info    ] [JLink     ] JLINK_HasError()  
[2021-Dec-31 11:00:32] [debug] [Backend] - read_access_port_register
[2021-Dec-31 11:00:32] [debug] [Backend] - ---just_read_access_port_register
[2021-Dec-31 11:00:32] [debug] [Backend] - ---just_select_access_port_register
[2021-Dec-31 11:00:32] [ info] [  JLink] - [Info    ] [JLink     ] JLINK_CORESIGHT_ReadAPDPReg(AP reg 0x03)  
[2021-Dec-31 11:00:32] [ info] [  JLink] - [Info    ] [JLink     ] Value=0x00000001
[2021-Dec-31 11:00:32] [ info] [  JLink] - [Info    ] [JLink     ] - 0.298ms returns 0  
[2021-Dec-31 11:00:32] [ info] [  JLink] - [Info    ] [JLink     ] JLINK_HasError()  
[2021-Dec-31 11:00:32] [debug] [Backend] - read_access_port_register
[2021-Dec-31 11:00:32] [debug] [Backend] - ---just_read_access_port_register
[2021-Dec-31 11:00:32] [debug] [Backend] - ---just_select_access_port_register
[2021-Dec-31 11:00:32] [ info] [  JLink] - [Info    ] [JLink     ] JLINK_CORESIGHT_ReadAPDPReg(AP reg 0x03)  
[2021-Dec-31 11:00:32] [ info] [  JLink] - [Info    ] [JLink     ] Value=0x00000001
[2021-Dec-31 11:00:32] [ info] [  JLink] - [Info    ] [JLink     ] - 0.309ms returns 0  
[2021-Dec-31 11:00:32] [ info] [  JLink] - [Info    ] [JLink     ] JLINK_HasError()  
[2021-Dec-31 11:00:32] [ info] [nRF520x0] - Protection status read as NONE
[2021-Dec-31 11:00:32] [debug] [Backend] - read_u32
[2021-Dec-31 11:00:32] [debug] [Backend] - ---just_connect_to_device
[2021-Dec-31 11:00:32] [debug] [Backend] - is_connected_to_device
[2021-Dec-31 11:00:32] [ info] [  JLink] - [Info    ] [JLink     ] JLINK_IsConnected()  
[2021-Dec-31 11:00:32] [ info] [  JLink] - [Info    ] [JLink     ] - 0.008ms returns FALSE  
[2021-Dec-31 11:00:32] [ info] [  JLink] - [Info    ] [JLink     ] JLINK_HasError()  
[2021-Dec-31 11:00:32] [debug] [Backend] - ---just_load_core_data
[2021-Dec-31 11:00:32] [ info] [  JLink] - [Info    ] [JLink     ] JLINK_ExecCommand("CORESIGHT_SetIndexAHBAPToUse = 0", ...).   
[2021-Dec-31 11:00:32] [ info] [  JLink] - [Info    ] [JLink     ] - 0.003ms returns 0x00  
[2021-Dec-31 11:00:32] [ info] [  JLink] - [Info    ] [JLink     ] JLINK_HasError()  
[2021-Dec-31 11:00:32] [ info] [  JLink] - [Info    ] [JLink     ] JLINK_ExecCommand("device = nRF52", ...).   
[2021-Dec-31 11:00:32] [ info] [  JLink] - [Info    ] [JLink     ] Device "NRF52" selected.
[2021-Dec-31 11:00:32] [ info] [  JLink] - [Info    ] [JLink     ] Device "NRF52" selected.
[2021-Dec-31 11:00:32] [ info] [  JLink] - [Info    ] [JLink     ] - 0.749ms returns 0x00  
[2021-Dec-31 11:00:32] [ info] [  JLink] - [Info    ] [JLink     ] JLINK_HasError()  
[2021-Dec-31 11:00:32] [ info] [  JLink] - [Info    ] [JLink     ] JLINK_Connect()  
[2021-Dec-31 11:00:32] [ info] [  JLink] - [Info    ] [JLink     ] InitTarget() start
[2021-Dec-31 11:00:32] [ info] [  JLink] - [Info    ] [JLink     ] InitTarget() start
[2021-Dec-31 11:00:32] [ info] [  JLink] - [Info    ] [JLink     ]  J-Link Script File: Executing InitTarget() 
[2021-Dec-31 11:00:32] [ info] [  JLink] - [Info    ] [JLink     ] InitTarget() end
[2021-Dec-31 11:00:32] [ info] [  JLink] - [Info    ] [JLink     ] InitTarget() end
[2021-Dec-31 11:00:32] [ info] [  JLink] - [Info    ] [JLink     ] Found SW-DP with ID 0x2BA01477
[2021-Dec-31 11:00:32] [ info] [  JLink] - [Info    ] [JLink     ] Found SW-DP with ID 0x2BA01477
[2021-Dec-31 11:00:32] [ info] [  JLink] - [Info    ] [JLink     ] DPIDR: 0x2BA01477
[2021-Dec-31 11:00:32] [ info] [  JLink] - [Info    ] [JLink     ] DPIDR: 0x2BA01477
[2021-Dec-31 11:00:32] [ info] [  JLink] - [Info    ] [JLink     ] CoreSight SoC-400 or earlier
[2021-Dec-31 11:00:32] [ info] [  JLink] - [Info    ] [JLink     ] CoreSight SoC-400 or earlier
[2021-Dec-31 11:00:32] [ info] [  JLink] - [Info    ] [JLink     ] AP map detection skipped. Manually configured AP map found.
[2021-Dec-31 11:00:32] [ info] [  JLink] - [Info    ] [JLink     ] AP map detection skipped. Manually configured AP map found.
[2021-Dec-31 11:00:32] [ info] [  JLink] - [Info    ] [JLink     ] AP[0]: AHB-AP (IDR: Not set)
[2021-Dec-31 11:00:32] [ info] [  JLink] - [Info    ] [JLink     ] AP[0]: AHB-AP (IDR: Not set)
[2021-Dec-31 11:00:32] [ info] [  JLink] - [Info    ] [JLink     ] AP[0]: Core found
[2021-Dec-31 11:00:32] [ info] [  JLink] - [Info    ] [JLink     ] AP[0]: Core found
[2021-Dec-31 11:00:32] [ info] [  JLink] - [Info    ] [JLink     ] AP[0]: AHB-AP ROM base: 0xE00FF000
[2021-Dec-31 11:00:32] [ info] [  JLink] - [Info    ] [JLink     ] AP[0]: AHB-AP ROM base: 0xE00FF000
[2021-Dec-31 11:00:32] [ info] [  JLink] - [Info    ] [JLink     ] CPUID register: 0x410FC241. Implementer code: 0x41 (ARM)
[2021-Dec-31 11:00:32] [ info] [  JLink] - [Info    ] [JLink     ] CPUID register: 0x410FC241. Implementer code: 0x41 (ARM)
[2021-Dec-31 11:00:32] [ info] [  JLink] - [Info    ] [JLink     ] Found Cortex-M4 r0p1, Little endian.
[2021-Dec-31 11:00:32] [ info] [  JLink] - [Info    ] [JLink     ] Found Cortex-M4 r0p1, Little endian.
[2021-Dec-31 11:00:32] [ info] [  JLink] - [Info    ] [JLink     ] -- Max. mem block: 0x00004F68
[2021-Dec-31 11:00:32] [ info] [  JLink] - [Info    ] [JLink     ] CPU_ReadMem(4 bytes @ 0xE000EDF0)
[2021-Dec-31 11:00:32] [ info] [  JLink] - [Info    ] [JLink     ] CPU_WriteMem(4 bytes @ 0xE000EDF0)
[2021-Dec-31 11:00:32] [ info] [  JLink] - [Info    ] [JLink     ] CPU_ReadMem(4 bytes @ 0xE0002000)
[2021-Dec-31 11:00:32] [ info] [  JLink] - [Info    ] [JLink     ] FPUnit: 6 code (BP) slots and 2 literal slots
[2021-Dec-31 11:00:32] [ info] [  JLink] - [Info    ] [JLink     ] FPUnit: 6 code (BP) slots and 2 literal slots
[2021-Dec-31 11:00:32] [ info] [  JLink] - [Info    ] [JLink     ] CPU_ReadMem(4 bytes @ 0xE000EDFC)
[2021-Dec-31 11:00:32] [ info] [  JLink] - [Info    ] [JLink     ] CPU_WriteMem(4 bytes @ 0xE000EDFC)
[2021-Dec-31 11:00:32] [ info] [  JLink] - [Info    ] [JLink     ] CPU_ReadMem(4 bytes @ 0xE0001000)
[2021-Dec-31 11:00:32] [ info] [  JLink] - [Info    ] [JLink     ] CPU_WriteMem(4 bytes @ 0xE0001000)
[2021-Dec-31 11:00:32] [ info] [  JLink] - [Info    ] [JLink     ] CPU_ReadMem(4 bytes @ 0xE000ED88)
[2021-Dec-31 11:00:32] [ info] [  JLink] - [Info    ] [JLink     ] CPU_WriteMem(4 bytes @ 0xE000ED88)
[2021-Dec-31 11:00:32] [ info] [  JLink] - [Info    ] [JLink     ] CPU_ReadMem(4 bytes @ 0xE000ED88)
[2021-Dec-31 11:00:32] [ info] [  JLink] - [Info    ] [JLink     ] CPU_WriteMem(4 bytes @ 0xE000ED88)
[2021-Dec-31 11:00:32] [ info] [  JLink] - [Info    ] [JLink     ] CoreSight components:
[2021-Dec-31 11:00:32] [ info] [  JLink] - [Info    ] [JLink     ] CoreSight components:
[2021-Dec-31 11:00:32] [ info] [  JLink] - [Info    ] [JLink     ] ROMTbl[0] @ E00FF000
[2021-Dec-31 11:00:32] [ info] [  JLink] - [Info    ] [JLink     ] ROMTbl[0] @ E00FF000
[2021-Dec-31 11:00:32] [ info] [  JLink] - [Info    ] [JLink     ] CPU_ReadMem(64 bytes @ 0xE00FF000)
[2021-Dec-31 11:00:32] [ info] [  JLink] - [Info    ] [JLink     ] CPU_ReadMem(32 bytes @ 0xE000EFE0)
[2021-Dec-31 11:00:32] [ info] [  JLink] - [Info    ] [JLink     ] [0][0]: E000E000 CID B105E00D PID 000BB00C SCS-M7
[2021-Dec-31 11:00:32] [ info] [  JLink] - [Info    ] [JLink     ] [0][0]: E000E000 CID B105E00D PID 000BB00C SCS-M7
[2021-Dec-31 11:00:32] [ info] [  JLink] - [Info    ] [JLink     ] CPU_ReadMem(32 bytes @ 0xE0001FE0)
[2021-Dec-31 11:00:32] [ info] [  JLink] - [Info    ] [JLink     ] [0][1]: E0001000 CID B105E00D PID 003BB002 DWT
[2021-Dec-31 11:00:32] [ info] [  JLink] - [Info    ] [JLink     ] [0][1]: E0001000 CID B105E00D PID 003BB002 DWT
[2021-Dec-31 11:00:32] [ info] [  JLink] - [Info    ] [JLink     ] CPU_ReadMem(32 bytes @ 0xE0002FE0)
[2021-Dec-31 11:00:32] [ info] [  JLink] - [Info    ] [JLink     ] [0][2]: E0002000 CID B105E00D PID 002BB003 FPB
[2021-Dec-31 11:00:32] [ info] [  JLink] - [Info    ] [JLink     ] [0][2]: E0002000 CID B105E00D PID 002BB003 FPB
[2021-Dec-31 11:00:32] [ info] [  JLink] - [Info    ] [JLink     ] CPU_ReadMem(32 bytes @ 0xE0000FE0)
[2021-Dec-31 11:00:32] [ info] [  JLink] - [Info    ] [JLink     ] [0][3]: E0000000 CID B105E00D PID 003BB001 ITM
[2021-Dec-31 11:00:32] [ info] [  JLink] - [Info    ] [JLink     ] [0][3]: E0000000 CID B105E00D PID 003BB001 ITM
[2021-Dec-31 11:00:32] [ info] [  JLink] - [Info    ] [JLink     ] CPU_ReadMem(32 bytes @ 0xE0040FE0)
[2021-Dec-31 11:00:32] [ info] [  JLink] - [Info    ] [JLink     ] [0][4]: E0040000 CID B105900D PID 000BB9A1 TPIU
[2021-Dec-31 11:00:32] [ info] [  JLink] - [Info    ] [JLink     ] [0][4]: E0040000 CID B105900D PID 000BB9A1 TPIU
[2021-Dec-31 11:00:32] [ info] [  JLink] - [Info    ] [JLink     ] CPU_ReadMem(32 bytes @ 0xE0041FE0)
[2021-Dec-31 11:00:32] [ info] [  JLink] - [Info    ] [JLink     ] [0][5]: E0041000 CID B105900D PID 000BB925 ETM
[2021-Dec-31 11:00:32] [ info] [  JLink] - [Info    ] [JLink     ] [0][5]: E0041000 CID B105900D PID 000BB925 ETM
[2021-Dec-31 11:00:32] [ info] [  JLink] - [Info    ] [JLink     ] - 124.259ms returns 0x00  
[2021-Dec-31 11:00:32] [ info] [  JLink] - [Info    ] [JLink     ] JLINK_HasError()  
[2021-Dec-31 11:00:32] [ info] [  JLink] - [Info    ] [JLink     ] JLINK_CORE_GetFound()  
[2021-Dec-31 11:00:32] [ info] [  JLink] - [Info    ] [JLink     ] - 0.009ms returns 0xE0000FF  
[2021-Dec-31 11:00:32] [debug] [Backend] - ---just_read_u32
[2021-Dec-31 11:00:32] [debug] [Backend] - ---just_invalidate_cache
[2021-Dec-31 11:00:32] [ info] [  JLink] - [Info    ] [JLink     ] JLINK_ExecCommand("InvalidateCache", ...).   
[2021-Dec-31 11:00:32] [ info] [  JLink] - [Info    ] [JLink     ] - 0.095ms returns 0x00  
[2021-Dec-31 11:00:32] [ info] [  JLink] - [Info    ] [JLink     ] JLINK_HasError()  
[2021-Dec-31 11:00:32] [ info] [  JLink] - [Info    ] [JLink     ] JLINK_ReadMemU32(0x10000130, 0x1 Items)  
[2021-Dec-31 11:00:32] [ info] [  JLink] - [Info    ] [JLink     ] CPU_ReadMem(4 bytes @ 0x10000130)
[2021-Dec-31 11:00:32] [ info] [  JLink] - [Info    ] [JLink     ] Data:  08 00 00 00
[2021-Dec-31 11:00:32] [ info] [  JLink] - [Info    ] [JLink     ] - 0.684ms returns 1 (0x1)  
[2021-Dec-31 11:00:32] [ info] [  JLink] - [Info    ] [JLink     ] JLINK_HasError()  
[2021-Dec-31 11:00:32] [debug] [Backend] - read_u32
[2021-Dec-31 11:00:32] [debug] [Backend] - ---just_connect_to_device
[2021-Dec-31 11:00:32] [debug] [Backend] - ---just_read_u32
[2021-Dec-31 11:00:32] [debug] [Backend] - ---just_invalidate_cache
[2021-Dec-31 11:00:32] [ info] [  JLink] - [Info    ] [JLink     ] JLINK_ExecCommand("InvalidateCache", ...).   
[2021-Dec-31 11:00:32] [ info] [  JLink] - [Info    ] [JLink     ] - 0.006ms returns 0x00  
[2021-Dec-31 11:00:32] [ info] [  JLink] - [Info    ] [JLink     ] JLINK_HasError()  
[2021-Dec-31 11:00:32] [ info] [  JLink] - [Info    ] [JLink     ] JLINK_ReadMemU32(0x10000134, 0x1 Items)  
[2021-Dec-31 11:00:32] [ info] [  JLink] - [Info    ] [JLink     ] CPU_ReadMem(4 bytes @ 0x10000134)
[2021-Dec-31 11:00:32] [ info] [  JLink] - [Info    ] [JLink     ] Data:  03 00 00 00
[2021-Dec-31 11:00:32] [ info] [  JLink] - [Info    ] [JLink     ] - 0.556ms returns 1 (0x1)  
[2021-Dec-31 11:00:32] [ info] [  JLink] - [Info    ] [JLink     ] JLINK_HasError()  
[2021-Dec-31 11:00:32] [debug] [nRF520x0] - Just_decode_device_version
[2021-Dec-31 11:00:32] [debug] [Backend] - read_u32
[2021-Dec-31 11:00:32] [debug] [Backend] - ---just_connect_to_device
[2021-Dec-31 11:00:32] [debug] [Backend] - ---just_read_u32
[2021-Dec-31 11:00:32] [debug] [Backend] - ---just_invalidate_cache
[2021-Dec-31 11:00:32] [ info] [  JLink] - [Info    ] [JLink     ] JLINK_ExecCommand("InvalidateCache", ...).   
[2021-Dec-31 11:00:32] [ info] [  JLink] - [Info    ] [JLink     ] - 0.007ms returns 0x00  
[2021-Dec-31 11:00:32] [ info] [  JLink] - [Info    ] [JLink     ] JLINK_HasError()  
[2021-Dec-31 11:00:32] [ info] [  JLink] - [Info    ] [JLink     ] JLINK_ReadMemU32(0x10000110, 0x1 Items)  
[2021-Dec-31 11:00:32] [ info] [  JLink] - [Info    ] [JLink     ] CPU_ReadMem(4 bytes @ 0x10000110)
[2021-Dec-31 11:00:32] [ info] [  JLink] - [Info    ] [JLink     ] Data:  00 04 00 00
[2021-Dec-31 11:00:32] [ info] [  JLink] - [Info    ] [JLink     ] - 0.551ms returns 1 (0x1)  
[2021-Dec-31 11:00:32] [ info] [  JLink] - [Info    ] [JLink     ] JLINK_HasError()  
[2021-Dec-31 11:00:32] [ info] [nRF520x0] - NRF52840 REV2 does not implement updated APPROTECT mechanism.
[2021-Dec-31 11:00:32] [debug] [Backend] - halt
[2021-Dec-31 11:00:32] [debug] [Backend] - ---just_connect_to_device
[2021-Dec-31 11:00:32] [debug] [Backend] - ---just_halt
[2021-Dec-31 11:00:32] [ info] [  JLink] - [Info    ] [JLink     ] JLINK_Halt()  
[2021-Dec-31 11:00:32] [ info] [  JLink] - [Info    ] [JLink     ] - 6.378ms returns 0x00  
[2021-Dec-31 11:00:32] [ info] [  JLink] - [Info    ] [JLink     ] JLINK_HasError()  
[2021-Dec-31 11:00:32] [debug] [Backend] - sys_reset
[2021-Dec-31 11:00:32] [debug] [Backend] - ---just_connect_to_device
[2021-Dec-31 11:00:32] [debug] [Backend] - ---just_halt
[2021-Dec-31 11:00:32] [ info] [  JLink] - [Info    ] [JLink     ] JLINK_Halt()  
[2021-Dec-31 11:00:32] [ info] [  JLink] - [Info    ] [JLink     ] - 0.580ms returns 0x00  
[2021-Dec-31 11:00:32] [ info] [  JLink] - [Info    ] [JLink     ] JLINK_HasError()  
[2021-Dec-31 11:00:32] [debug] [Backend] - ---just_sys_reset
[2021-Dec-31 11:00:32] [ info] [  JLink] - [Info    ] [JLink     ] JLINK_SetResetType(JLINKARM_CM3_RESET_TYPE_CORE_AND_PERIPHERALS)  
[2021-Dec-31 11:00:32] [ info] [  JLink] - [Info    ] [JLink     ] - 0.011ms returns JLINKARM_CM3_RESET_TYPE_NORMAL  
[2021-Dec-31 11:00:32] [ info] [  JLink] - [Info    ] [JLink     ] JLINK_HasError()  
[2021-Dec-31 11:00:32] [ info] [  JLink] - [Info    ] [JLink     ] JLINK_Reset()  
[2021-Dec-31 11:00:32] [ info] [  JLink] - [Info    ] [JLink     ] CPU_WriteMem(4 bytes @ 0xE000EDF0)
[2021-Dec-31 11:00:32] [ info] [  JLink] - [Info    ] [JLink     ] CPU_WriteMem(4 bytes @ 0xE000EDFC)
[2021-Dec-31 11:00:32] [ info] [  JLink] - [Info    ] [JLink     ] Reset: Halt core after reset via DEMCR.VC_CORERESET.
[2021-Dec-31 11:00:32] [ info] [  JLink] - [Info    ] [JLink     ] Reset: Halt core after reset via DEMCR.VC_CORERESET.
[2021-Dec-31 11:00:32] [ info] [  JLink] - [Info    ] [JLink     ] Reset: Reset device via AIRCR.SYSRESETREQ.
[2021-Dec-31 11:00:32] [ info] [  JLink] - [Info    ] [JLink     ] Reset: Reset device via AIRCR.SYSRESETREQ.
[2021-Dec-31 11:00:32] [ info] [  JLink] - [Info    ] [JLink     ] CPU_WriteMem(4 bytes @ 0xE000ED0C)
[2021-Dec-31 11:00:32] [ info] [  JLink] - [Info    ] [JLink     ] CPU_ReadMem(4 bytes @ 0xE000EDF0)
[2021-Dec-31 11:00:32] [ info] [  JLink] - [Info    ] [JLink     ] CPU_ReadMem(4 bytes @ 0xE000EDF0)
[2021-Dec-31 11:00:32] [ info] [  JLink] - [Info    ] [JLink     ] CPU_WriteMem(4 bytes @ 0xE000EDF0)
[2021-Dec-31 11:00:32] [ info] [  JLink] - [Info    ] [JLink     ] CPU_WriteMem(4 bytes @ 0xE000EDFC)
[2021-Dec-31 11:00:32] [ info] [  JLink] - [Info    ] [JLink     ] CPU_ReadMem(4 bytes @ 0xE000EDF0)
[2021-Dec-31 11:00:32] [ info] [  JLink] - [Info    ] [JLink     ] CPU_WriteMem(4 bytes @ 0xE0002000)
[2021-Dec-31 11:00:32] [ info] [  JLink] - [Info    ] [JLink     ] CPU_ReadMem(4 bytes @ 0xE000EDFC)
[2021-Dec-31 11:00:32] [ info] [  JLink] - [Info    ] [JLink     ] CPU_ReadMem(4 bytes @ 0xE0001000)
[2021-Dec-31 11:00:32] [ info] [  JLink] - [Info    ] [JLink     ] - 75.394ms  
[2021-Dec-31 11:00:32] [ info] [  JLink] - [Info    ] [JLink     ] JLINK_HasError()  
[2021-Dec-31 11:00:32] [debug] [nRF520x0] - Just_power_ram_all
[2021-Dec-31 11:00:32] [debug] [nRF520x0] - Just_readback_status
[2021-Dec-31 11:00:32] [debug] [nRF520x0] - Just_is_ctrl_ap_available
[2021-Dec-31 11:00:32] [debug] [Backend] - read_access_port_register
[2021-Dec-31 11:00:32] [debug] [Backend] - ---just_read_access_port_register
[2021-Dec-31 11:00:32] [debug] [Backend] - ---just_select_access_port_register
[2021-Dec-31 11:00:32] [debug] [Backend] - Select AP 1, DP Bank 255, AP Bank 15
[2021-Dec-31 11:00:32] [ info] [  JLink] - [Info    ] [JLink     ] JLINK_CORESIGHT_WriteAPDPReg(DP reg 0x02, 0x010000F0)  
[2021-Dec-31 11:00:32] [ info] [  JLink] - [Info    ] [JLink     ] - 0.247ms returns 0  
[2021-Dec-31 11:00:32] [ info] [  JLink] - [Info    ] [JLink     ] JLINK_HasError()  
[2021-Dec-31 11:00:32] [ info] [  JLink] - [Info    ] [JLink     ] JLINK_CORESIGHT_ReadAPDPReg(AP reg 0x03)  
[2021-Dec-31 11:00:32] [ info] [  JLink] - [Info    ] [JLink     ] Value=0x02880000
[2021-Dec-31 11:00:32] [ info] [  JLink] - [Info    ] [JLink     ] - 0.374ms returns 0  
[2021-Dec-31 11:00:32] [ info] [  JLink] - [Info    ] [JLink     ] JLINK_HasError()  
[2021-Dec-31 11:00:32] [debug] [Backend] - read_access_port_register
[2021-Dec-31 11:00:32] [debug] [Backend] - ---just_read_access_port_register
[2021-Dec-31 11:00:32] [debug] [Backend] - ---just_select_access_port_register
[2021-Dec-31 11:00:32] [ info] [  JLink] - [Info    ] [JLink     ] JLINK_CORESIGHT_ReadAPDPReg(AP reg 0x03)  
[2021-Dec-31 11:00:32] [ info] [  JLink] - [Info    ] [JLink     ] Value=0x02880000
[2021-Dec-31 11:00:32] [ info] [  JLink] - [Info    ] [JLink     ] - 0.332ms returns 0  
[2021-Dec-31 11:00:32] [ info] [  JLink] - [Info    ] [JLink     ] JLINK_HasError()  
[2021-Dec-31 11:00:32] [debug] [Backend] - read_access_port_register
[2021-Dec-31 11:00:32] [debug] [Backend] - ---just_read_access_port_register
[2021-Dec-31 11:00:32] [debug] [Backend] - ---just_select_access_port_register
[2021-Dec-31 11:00:32] [ info] [  JLink] - [Info    ] [JLink     ] JLINK_CORESIGHT_ReadAPDPReg(AP reg 0x03)  
[2021-Dec-31 11:00:32] [ info] [  JLink] - [Info    ] [JLink     ] Value=0x02880000
[2021-Dec-31 11:00:32] [ info] [  JLink] - [Info    ] [JLink     ] - 0.368ms returns 0  
[2021-Dec-31 11:00:32] [ info] [  JLink] - [Info    ] [JLink     ] JLINK_HasError()  
[2021-Dec-31 11:00:32] [debug] [Backend] - read_access_port_register
[2021-Dec-31 11:00:32] [debug] [Backend] - ---just_read_access_port_register
[2021-Dec-31 11:00:32] [debug] [Backend] - ---just_select_access_port_register
[2021-Dec-31 11:00:32] [ info] [  JLink] - [Info    ] [JLink     ] JLINK_CORESIGHT_ReadAPDPReg(AP reg 0x03)  
[2021-Dec-31 11:00:32] [ info] [  JLink] - [Info    ] [JLink     ] Value=0x02880000
[2021-Dec-31 11:00:32] [ info] [  JLink] - [Info    ] [JLink     ] - 0.351ms returns 0  
[2021-Dec-31 11:00:32] [ info] [  JLink] - [Info    ] [JLink     ] JLINK_HasError()  
[2021-Dec-31 11:00:32] [debug] [Backend] - read_access_port_register
[2021-Dec-31 11:00:32] [debug] [Backend] - ---just_read_access_port_register
[2021-Dec-31 11:00:32] [debug] [Backend] - ---just_select_access_port_register
[2021-Dec-31 11:00:32] [debug] [Backend] - Select AP 1, DP Bank 0, AP Bank 0
[2021-Dec-31 11:00:32] [ info] [  JLink] - [Info    ] [JLink     ] JLINK_CORESIGHT_WriteAPDPReg(DP reg 0x02, 0x01000000)  
[2021-Dec-31 11:00:32] [ info] [  JLink] - [Info    ] [JLink     ] - 0.301ms returns 0  
[2021-Dec-31 11:00:32] [ info] [  JLink] - [Info    ] [JLink     ] JLINK_HasError()  
[2021-Dec-31 11:00:32] [ info] [  JLink] - [Info    ] [JLink     ] JLINK_CORESIGHT_ReadAPDPReg(AP reg 0x03)  
[2021-Dec-31 11:00:32] [ info] [  JLink] - [Info    ] [JLink     ] Value=0x00000001
[2021-Dec-31 11:00:32] [ info] [  JLink] - [Info    ] [JLink     ] - 0.370ms returns 0  
[2021-Dec-31 11:00:32] [ info] [  JLink] - [Info    ] [JLink     ] JLINK_HasError()  
[2021-Dec-31 11:00:32] [debug] [Backend] - read_access_port_register
[2021-Dec-31 11:00:32] [debug] [Backend] - ---just_read_access_port_register
[2021-Dec-31 11:00:32] [debug] [Backend] - ---just_select_access_port_register
[2021-Dec-31 11:00:32] [ info] [  JLink] - [Info    ] [JLink     ] JLINK_CORESIGHT_ReadAPDPReg(AP reg 0x03)  
[2021-Dec-31 11:00:32] [ info] [  JLink] - [Info    ] [JLink     ] Value=0x00000001
[2021-Dec-31 11:00:32] [ info] [  JLink] - [Info    ] [JLink     ] - 0.306ms returns 0  
[2021-Dec-31 11:00:32] [ info] [  JLink] - [Info    ] [JLink     ] JLINK_HasError()  
[2021-Dec-31 11:00:32] [debug] [Backend] - read_access_port_register
[2021-Dec-31 11:00:32] [debug] [Backend] - ---just_read_access_port_register
[2021-Dec-31 11:00:32] [debug] [Backend] - ---just_select_access_port_register
[2021-Dec-31 11:00:32] [ info] [  JLink] - [Info    ] [JLink     ] JLINK_CORESIGHT_ReadAPDPReg(AP reg 0x03)  
[2021-Dec-31 11:00:32] [ info] [  JLink] - [Info    ] [JLink     ] Value=0x00000001
[2021-Dec-31 11:00:32] [ info] [  JLink] - [Info    ] [JLink     ] - 0.325ms returns 0  
[2021-Dec-31 11:00:32] [ info] [  JLink] - [Info    ] [JLink     ] JLINK_HasError()  
[2021-Dec-31 11:00:32] [debug] [Backend] - read_access_port_register
[2021-Dec-31 11:00:32] [debug] [Backend] - ---just_read_access_port_register
[2021-Dec-31 11:00:32] [debug] [Backend] - ---just_select_access_port_register
[2021-Dec-31 11:00:32] [ info] [  JLink] - [Info    ] [JLink     ] JLINK_CORESIGHT_ReadAPDPReg(AP reg 0x03)  
[2021-Dec-31 11:00:32] [ info] [  JLink] - [Info    ] [JLink     ] Value=0x00000001
[2021-Dec-31 11:00:32] [ info] [  JLink] - [Info    ] [JLink     ] - 0.311ms returns 0  
[2021-Dec-31 11:00:32] [ info] [  JLink] - [Info    ] [JLink     ] JLINK_HasError()  
[2021-Dec-31 11:00:32] [ info] [nRF520x0] - Protection status read as NONE
[2021-Dec-31 11:00:32] [debug] [Backend] - write_u32
[2021-Dec-31 11:00:32] [debug] [Backend] - ---just_connect_to_device
[2021-Dec-31 11:00:32] [debug] [Backend] - ---just_write_u32
[2021-Dec-31 11:00:32] [ info] [  JLink] - [Info    ] [JLink     ] JLINK_WriteU32_64(0x40000904, 0x0000FFFF)  
[2021-Dec-31 11:00:32] [ info] [  JLink] - [Info    ] [JLink     ] CPU_WriteMem(4 bytes @ 0x40000904)
[2021-Dec-31 11:00:32] [ info] [  JLink] - [Info    ] [JLink     ] - 1.344ms returns 0 (0x00000000)  
[2021-Dec-31 11:00:32] [ info] [  JLink] - [Info    ] [JLink     ] JLINK_HasError()  
[2021-Dec-31 11:00:32] [debug] [Backend] - write_u32
[2021-Dec-31 11:00:32] [debug] [Backend] - ---just_connect_to_device
[2021-Dec-31 11:00:32] [debug] [Backend] - ---just_write_u32
[2021-Dec-31 11:00:32] [ info] [  JLink] - [Info    ] [JLink     ] JLINK_WriteU32_64(0x40000914, 0x0000FFFF)  
[2021-Dec-31 11:00:32] [ info] [  JLink] - [Info    ] [JLink     ] CPU_WriteMem(4 bytes @ 0x40000914)
[2021-Dec-31 11:00:32] [ info] [  JLink] - [Info    ] [JLink     ] - 0.564ms returns 0 (0x00000000)  
[2021-Dec-31 11:00:32] [ info] [  JLink] - [Info    ] [JLink     ] JLINK_HasError()  
[2021-Dec-31 11:00:32] [debug] [Backend] - write_u32
[2021-Dec-31 11:00:32] [debug] [Backend] - ---just_connect_to_device
[2021-Dec-31 11:00:32] [debug] [Backend] - ---just_write_u32
[2021-Dec-31 11:00:32] [ info] [  JLink] - [Info    ] [JLink     ] JLINK_WriteU32_64(0x40000924, 0x0000FFFF)  
[2021-Dec-31 11:00:32] [ info] [  JLink] - [Info    ] [JLink     ] CPU_WriteMem(4 bytes @ 0x40000924)
[2021-Dec-31 11:00:32] [ info] [  JLink] - [Info    ] [JLink     ] - 0.592ms returns 0 (0x00000000)  
[2021-Dec-31 11:00:32] [ info] [  JLink] - [Info    ] [JLink     ] JLINK_HasError()  
[2021-Dec-31 11:00:32] [debug] [Backend] - write_u32
[2021-Dec-31 11:00:32] [debug] [Backend] - ---just_connect_to_device
[2021-Dec-31 11:00:32] [debug] [Backend] - ---just_write_u32
[2021-Dec-31 11:00:32] [ info] [  JLink] - [Info    ] [JLink     ] JLINK_WriteU32_64(0x40000934, 0x0000FFFF)  
[2021-Dec-31 11:00:32] [ info] [  JLink] - [Info    ] [JLink     ] CPU_WriteMem(4 bytes @ 0x40000934)
[2021-Dec-31 11:00:32] [ info] [  JLink] - [Info    ] [JLink     ] - 0.603ms returns 0 (0x00000000)  
[2021-Dec-31 11:00:32] [ info] [  JLink] - [Info    ] [JLink     ] JLINK_HasError()  
[2021-Dec-31 11:00:32] [debug] [Backend] - write_u32
[2021-Dec-31 11:00:32] [debug] [Backend] - ---just_connect_to_device
[2021-Dec-31 11:00:32] [debug] [Backend] - ---just_write_u32
[2021-Dec-31 11:00:32] [ info] [  JLink] - [Info    ] [JLink     ] JLINK_WriteU32_64(0x40000944, 0x0000FFFF)  
[2021-Dec-31 11:00:32] [ info] [  JLink] - [Info    ] [JLink     ] CPU_WriteMem(4 bytes @ 0x40000944)
[2021-Dec-31 11:00:32] [ info] [  JLink] - [Info    ] [JLink     ] - 0.586ms returns 0 (0x00000000)  
[2021-Dec-31 11:00:32] [ info] [  JLink] - [Info    ] [JLink     ] JLINK_HasError()  
[2021-Dec-31 11:00:32] [debug] [Backend] - write_u32
[2021-Dec-31 11:00:32] [debug] [Backend] - ---just_connect_to_device
[2021-Dec-31 11:00:32] [debug] [Backend] - ---just_write_u32
[2021-Dec-31 11:00:32] [ info] [  JLink] - [Info    ] [JLink     ] JLINK_WriteU32_64(0x40000954, 0x0000FFFF)  
[2021-Dec-31 11:00:32] [ info] [  JLink] - [Info    ] [JLink     ] CPU_WriteMem(4 bytes @ 0x40000954)
[2021-Dec-31 11:00:32] [ info] [  JLink] - [Info    ] [JLink     ] - 0.600ms returns 0 (0x00000000)  
[2021-Dec-31 11:00:32] [ info] [  JLink] - [Info    ] [JLink     ] JLINK_HasError()  
[2021-Dec-31 11:00:32] [debug] [Backend] - write_u32
[2021-Dec-31 11:00:32] [debug] [Backend] - ---just_connect_to_device
[2021-Dec-31 11:00:32] [debug] [Backend] - ---just_write_u32
[2021-Dec-31 11:00:32] [ info] [  JLink] - [Info    ] [JLink     ] JLINK_WriteU32_64(0x40000964, 0x0000FFFF)  
[2021-Dec-31 11:00:32] [ info] [  JLink] - [Info    ] [JLink     ] CPU_WriteMem(4 bytes @ 0x40000964)
[2021-Dec-31 11:00:32] [ info] [  JLink] - [Info    ] [JLink     ] - 0.601ms returns 0 (0x00000000)  
[2021-Dec-31 11:00:32] [ info] [  JLink] - [Info    ] [JLink     ] JLINK_HasError()  
[2021-Dec-31 11:00:32] [debug] [Backend] - write_u32
[2021-Dec-31 11:00:32] [debug] [Backend] - ---just_connect_to_device
[2021-Dec-31 11:00:32] [debug] [Backend] - ---just_write_u32
[2021-Dec-31 11:00:32] [ info] [  JLink] - [Info    ] [JLink     ] JLINK_WriteU32_64(0x40000974, 0x0000FFFF)  
[2021-Dec-31 11:00:32] [ info] [  JLink] - [Info    ] [JLink     ] CPU_WriteMem(4 bytes @ 0x40000974)
[2021-Dec-31 11:00:32] [ info] [  JLink] - [Info    ] [JLink     ] - 0.578ms returns 0 (0x00000000)  
[2021-Dec-31 11:00:32] [ info] [  JLink] - [Info    ] [JLink     ] JLINK_HasError()  
[2021-Dec-31 11:00:32] [debug] [Backend] - write_u32
[2021-Dec-31 11:00:32] [debug] [Backend] - ---just_connect_to_device
[2021-Dec-31 11:00:32] [debug] [Backend] - ---just_write_u32
[2021-Dec-31 11:00:32] [ info] [  JLink] - [Info    ] [JLink     ] JLINK_WriteU32_64(0x40000984, 0x0000FFFF)  
[2021-Dec-31 11:00:32] [ info] [  JLink] - [Info    ] [JLink     ] CPU_WriteMem(4 bytes @ 0x40000984)
[2021-Dec-31 11:00:32] [ info] [  JLink] - [Info    ] [JLink     ] - 0.597ms returns 0 (0x00000000)  
[2021-Dec-31 11:00:32] [ info] [  JLink] - [Info    ] [JLink     ] JLINK_HasError()  
[2021-Dec-31 11:00:32] [debug] [nRF520x0] - Just_clear_resetreas
[2021-Dec-31 11:00:32] [debug] [Backend] - write_u32
[2021-Dec-31 11:00:32] [debug] [Backend] - ---just_connect_to_device
[2021-Dec-31 11:00:32] [debug] [Backend] - ---just_write_u32
[2021-Dec-31 11:00:32] [ info] [  JLink] - [Info    ] [JLink     ] JLINK_WriteU32_64(0x40000400, 0xFFFFFFFF)  
[2021-Dec-31 11:00:32] [ info] [  JLink] - [Info    ] [JLink     ] CPU_WriteMem(4 bytes @ 0x40000400)
[2021-Dec-31 11:00:32] [ info] [  JLink] - [Info    ] [JLink     ] - 0.587ms returns 0 (0x00000000)  
[2021-Dec-31 11:00:32] [ info] [  JLink] - [Info    ] [JLink     ] JLINK_HasError()  
[2021-Dec-31 11:00:32] [ info] [  JLink] - [Info    ] [JLink     ] - 0.008ms  
[2021-Dec-31 11:00:32] [debug] [ nRF0x0] - read_device_info
[2021-Dec-31 11:00:32] [debug] [nRF520x0] - read_device_info
[2021-Dec-31 11:00:32] [debug] [Backend] - is_connected_to_emu
[2021-Dec-31 11:00:32] [ info] [  JLink] - [Info    ] [JLink     ] JLINK_IsOpen()  
[2021-Dec-31 11:00:32] [ info] [  JLink] - [Info    ] [JLink     ] - 0.069ms returns 0x01  
[2021-Dec-31 11:00:32] [ info] [  JLink] - [Info    ] [JLink     ] JLINK_HasError()  
[2021-Dec-31 11:00:32] [ info] [  JLink] - [Info    ] [JLink     ] JLINK_Lock()  
[2021-Dec-31 11:00:32] [debug] [nRF520x0] - Just_read_device_version
[2021-Dec-31 11:00:32] [debug] [nRF520x0] - Just_readback_status
[2021-Dec-31 11:00:32] [debug] [nRF520x0] - Just_is_ctrl_ap_available
[2021-Dec-31 11:00:32] [debug] [Backend] - read_access_port_register
[2021-Dec-31 11:00:32] [debug] [Backend] - ---just_read_access_port_register
[2021-Dec-31 11:00:32] [debug] [Backend] - ---just_is_debug_region_powered
[2021-Dec-31 11:00:32] [debug] [Backend] - ---just_read_debug_port_register
[2021-Dec-31 11:00:32] [debug] [Backend] - ---just_select_debug_port_register
[2021-Dec-31 11:00:32] [debug] [Backend] - Select AP 255, DP Bank 0, AP Bank 255
[2021-Dec-31 11:00:32] [ info] [  JLink] - [Info    ] [JLink     ] JLINK_CORESIGHT_WriteAPDPReg(DP reg 0x02, 0x00000000)  
[2021-Dec-31 11:00:32] [ info] [  JLink] - [Info    ] [JLink     ] - 0.297ms returns 0  
[2021-Dec-31 11:00:32] [ info] [  JLink] - [Info    ] [JLink     ] JLINK_HasError()  
[2021-Dec-31 11:00:32] [ info] [  JLink] - [Info    ] [JLink     ] JLINK_CORESIGHT_ReadAPDPReg(DP reg 0x01)  
[2021-Dec-31 11:00:32] [ info] [  JLink] - [Info    ] [JLink     ] Value=0xF0000040
[2021-Dec-31 11:00:32] [ info] [  JLink] - [Info    ] [JLink     ] - 0.294ms returns 0  
[2021-Dec-31 11:00:32] [ info] [  JLink] - [Info    ] [JLink     ] JLINK_HasError()  
[2021-Dec-31 11:00:32] [debug] [Backend] - ---just_select_access_port_register
[2021-Dec-31 11:00:32] [debug] [Backend] - Select AP 1, DP Bank 0, AP Bank 15
[2021-Dec-31 11:00:32] [ info] [  JLink] - [Info    ] [JLink     ] JLINK_CORESIGHT_WriteAPDPReg(DP reg 0x02, 0x010000F0)  
[2021-Dec-31 11:00:32] [ info] [  JLink] - [Info    ] [JLink     ] - 0.291ms returns 0  
[2021-Dec-31 11:00:32] [ info] [  JLink] - [Info    ] [JLink     ] JLINK_HasError()  
[2021-Dec-31 11:00:32] [ info] [  JLink] - [Info    ] [JLink     ] JLINK_CORESIGHT_ReadAPDPReg(AP reg 0x03)  
[2021-Dec-31 11:00:32] [ info] [  JLink] - [Info    ] [JLink     ] Value=0x02880000
[2021-Dec-31 11:00:32] [ info] [  JLink] - [Info    ] [JLink     ] - 0.366ms returns 0  
[2021-Dec-31 11:00:32] [ info] [  JLink] - [Info    ] [JLink     ] JLINK_HasError()  
[2021-Dec-31 11:00:32] [debug] [Backend] - read_access_port_register
[2021-Dec-31 11:00:32] [debug] [Backend] - ---just_read_access_port_register
[2021-Dec-31 11:00:32] [debug] [Backend] - ---just_select_access_port_register
[2021-Dec-31 11:00:32] [ info] [  JLink] - [Info    ] [JLink     ] JLINK_CORESIGHT_ReadAPDPReg(AP reg 0x03)  
[2021-Dec-31 11:00:32] [ info] [  JLink] - [Info    ] [JLink     ] Value=0x02880000
[2021-Dec-31 11:00:32] [ info] [  JLink] - [Info    ] [JLink     ] - 0.349ms returns 0  
[2021-Dec-31 11:00:32] [ info] [  JLink] - [Info    ] [JLink     ] JLINK_HasError()  
[2021-Dec-31 11:00:32] [debug] [Backend] - read_access_port_register
[2021-Dec-31 11:00:32] [debug] [Backend] - ---just_read_access_port_register
[2021-Dec-31 11:00:32] [debug] [Backend] - ---just_select_access_port_register
[2021-Dec-31 11:00:32] [ info] [  JLink] - [Info    ] [JLink     ] JLINK_CORESIGHT_ReadAPDPReg(AP reg 0x03)  
[2021-Dec-31 11:00:32] [ info] [  JLink] - [Info    ] [JLink     ] Value=0x02880000
[2021-Dec-31 11:00:32] [ info] [  JLink] - [Info    ] [JLink     ] - 0.331ms returns 0  
[2021-Dec-31 11:00:32] [ info] [  JLink] - [Info    ] [JLink     ] JLINK_HasError()  
[2021-Dec-31 11:00:32] [debug] [Backend] - read_access_port_register
[2021-Dec-31 11:00:32] [debug] [Backend] - ---just_read_access_port_register
[2021-Dec-31 11:00:32] [debug] [Backend] - ---just_select_access_port_register
[2021-Dec-31 11:00:32] [ info] [  JLink] - [Info    ] [JLink     ] JLINK_CORESIGHT_ReadAPDPReg(AP reg 0x03)  
[2021-Dec-31 11:00:32] [ info] [  JLink] - [Info    ] [JLink     ] Value=0x02880000
[2021-Dec-31 11:00:32] [ info] [  JLink] - [Info    ] [JLink     ] - 0.359ms returns 0  
[2021-Dec-31 11:00:32] [ info] [  JLink] - [Info    ] [JLink     ] JLINK_HasError()  
[2021-Dec-31 11:00:32] [debug] [Backend] - read_access_port_register
[2021-Dec-31 11:00:32] [debug] [Backend] - ---just_read_access_port_register
[2021-Dec-31 11:00:32] [debug] [Backend] - ---just_select_access_port_register
[2021-Dec-31 11:00:32] [debug] [Backend] - Select AP 1, DP Bank 0, AP Bank 0
[2021-Dec-31 11:00:32] [ info] [  JLink] - [Info    ] [JLink     ] JLINK_CORESIGHT_WriteAPDPReg(DP reg 0x02, 0x01000000)  
[2021-Dec-31 11:00:32] [ info] [  JLink] - [Info    ] [JLink     ] - 0.226ms returns 0  
[2021-Dec-31 11:00:32] [ info] [  JLink] - [Info    ] [JLink     ] JLINK_HasError()  
[2021-Dec-31 11:00:32] [ info] [  JLink] - [Info    ] [JLink     ] JLINK_CORESIGHT_ReadAPDPReg(AP reg 0x03)  
[2021-Dec-31 11:00:32] [ info] [  JLink] - [Info    ] [JLink     ] Value=0x00000001
[2021-Dec-31 11:00:32] [ info] [  JLink] - [Info    ] [JLink     ] - 0.389ms returns 0  
[2021-Dec-31 11:00:32] [ info] [  JLink] - [Info    ] [JLink     ] JLINK_HasError()  
[2021-Dec-31 11:00:32] [debug] [Backend] - read_access_port_register
[2021-Dec-31 11:00:32] [debug] [Backend] - ---just_read_access_port_register
[2021-Dec-31 11:00:32] [debug] [Backend] - ---just_select_access_port_register
[2021-Dec-31 11:00:32] [ info] [  JLink] - [Info    ] [JLink     ] JLINK_CORESIGHT_ReadAPDPReg(AP reg 0x03)  
[2021-Dec-31 11:00:32] [ info] [  JLink] - [Info    ] [JLink     ] Value=0x00000001
[2021-Dec-31 11:00:32] [ info] [  JLink] - [Info    ] [JLink     ] - 0.372ms returns 0  
[2021-Dec-31 11:00:32] [ info] [  JLink] - [Info    ] [JLink     ] JLINK_HasError()  
[2021-Dec-31 11:00:32] [debug] [Backend] - read_access_port_register
[2021-Dec-31 11:00:32] [debug] [Backend] - ---just_read_access_port_register
[2021-Dec-31 11:00:32] [debug] [Backend] - ---just_select_access_port_register
[2021-Dec-31 11:00:32] [ info] [  JLink] - [Info    ] [JLink     ] JLINK_CORESIGHT_ReadAPDPReg(AP reg 0x03)  
[2021-Dec-31 11:00:32] [ info] [  JLink] - [Info    ] [JLink     ] Value=0x00000001
[2021-Dec-31 11:00:32] [ info] [  JLink] - [Info    ] [JLink     ] - 0.357ms returns 0  
[2021-Dec-31 11:00:32] [ info] [  JLink] - [Info    ] [JLink     ] JLINK_HasError()  
[2021-Dec-31 11:00:32] [debug] [Backend] - read_access_port_register
[2021-Dec-31 11:00:32] [debug] [Backend] - ---just_read_access_port_register
[2021-Dec-31 11:00:32] [debug] [Backend] - ---just_select_access_port_register
[2021-Dec-31 11:00:32] [ info] [  JLink] - [Info    ] [JLink     ] JLINK_CORESIGHT_ReadAPDPReg(AP reg 0x03)  
[2021-Dec-31 11:00:32] [ info] [  JLink] - [Info    ] [JLink     ] Value=0x00000001
[2021-Dec-31 11:00:32] [ info] [  JLink] - [Info    ] [JLink     ] - 0.352ms returns 0  
[2021-Dec-31 11:00:32] [ info] [  JLink] - [Info    ] [JLink     ] JLINK_HasError()  
[2021-Dec-31 11:00:32] [ info] [nRF520x0] - Protection status read as NONE
[2021-Dec-31 11:00:32] [debug] [Backend] - read_u32
[2021-Dec-31 11:00:32] [debug] [Backend] - ---just_connect_to_device
[2021-Dec-31 11:00:32] [debug] [Backend] - is_connected_to_device
[2021-Dec-31 11:00:32] [ info] [  JLink] - [Info    ] [JLink     ] JLINK_IsConnected()  
[2021-Dec-31 11:00:32] [ info] [  JLink] - [Info    ] [JLink     ] - 0.007ms returns TRUE  
[2021-Dec-31 11:00:32] [ info] [  JLink] - [Info    ] [JLink     ] JLINK_HasError()  
[2021-Dec-31 11:00:32] [debug] [Backend] - ---just_read_u32
[2021-Dec-31 11:00:32] [debug] [Backend] - ---just_invalidate_cache
[2021-Dec-31 11:00:32] [ info] [  JLink] - [Info    ] [JLink     ] JLINK_ExecCommand("InvalidateCache", ...).   
[2021-Dec-31 11:00:32] [ info] [  JLink] - [Info    ] [JLink     ] - 0.010ms returns 0x00  
[2021-Dec-31 11:00:32] [ info] [  JLink] - [Info    ] [JLink     ] JLINK_HasError()  
[2021-Dec-31 11:00:32] [ info] [  JLink] - [Info    ] [JLink     ] JLINK_ReadMemU32(0x10000130, 0x1 Items)  
[2021-Dec-31 11:00:32] [ info] [  JLink] - [Info    ] [JLink     ] CPU_ReadMem(4 bytes @ 0x10000130)
[2021-Dec-31 11:00:32] [ info] [  JLink] - [Info    ] [JLink     ] Data:  08 00 00 00
[2021-Dec-31 11:00:32] [ info] [  JLink] - [Info    ] [JLink     ] - 0.587ms returns 1 (0x1)  
[2021-Dec-31 11:00:32] [ info] [  JLink] - [Info    ] [JLink     ] JLINK_HasError()  
[2021-Dec-31 11:00:32] [debug] [Backend] - read_u32
[2021-Dec-31 11:00:32] [debug] [Backend] - ---just_connect_to_device
[2021-Dec-31 11:00:32] [debug] [Backend] - ---just_read_u32
[2021-Dec-31 11:00:32] [debug] [Backend] - ---just_invalidate_cache
[2021-Dec-31 11:00:32] [ info] [  JLink] - [Info    ] [JLink     ] JLINK_ExecCommand("InvalidateCache", ...).   
[2021-Dec-31 11:00:32] [ info] [  JLink] - [Info    ] [JLink     ] - 0.006ms returns 0x00  
[2021-Dec-31 11:00:32] [ info] [  JLink] - [Info    ] [JLink     ] JLINK_HasError()  
[2021-Dec-31 11:00:32] [ info] [  JLink] - [Info    ] [JLink     ] JLINK_ReadMemU32(0x10000134, 0x1 Items)  
[2021-Dec-31 11:00:32] [ info] [  JLink] - [Info    ] [JLink     ] CPU_ReadMem(4 bytes @ 0x10000134)
[2021-Dec-31 11:00:32] [ info] [  JLink] - [Info    ] [JLink     ] Data:  03 00 00 00
[2021-Dec-31 11:00:32] [ info] [  JLink] - [Info    ] [JLink     ] - 0.610ms returns 1 (0x1)  
[2021-Dec-31 11:00:32] [ info] [  JLink] - [Info    ] [JLink     ] JLINK_HasError()  
[2021-Dec-31 11:00:32] [debug] [nRF520x0] - Just_decode_device_version
[2021-Dec-31 11:00:32] [debug] [Backend] - read_u32
[2021-Dec-31 11:00:32] [debug] [Backend] - ---just_connect_to_device
[2021-Dec-31 11:00:32] [debug] [Backend] - ---just_read_u32
[2021-Dec-31 11:00:32] [debug] [Backend] - ---just_invalidate_cache
[2021-Dec-31 11:00:32] [ info] [  JLink] - [Info    ] [JLink     ] JLINK_ExecCommand("InvalidateCache", ...).   
[2021-Dec-31 11:00:32] [ info] [  JLink] - [Info    ] [JLink     ] - 0.005ms returns 0x00  
[2021-Dec-31 11:00:32] [ info] [  JLink] - [Info    ] [JLink     ] JLINK_HasError()  
[2021-Dec-31 11:00:32] [ info] [  JLink] - [Info    ] [JLink     ] JLINK_ReadMemU32(0x10000110, 0x1 Items)  
[2021-Dec-31 11:00:32] [ info] [  JLink] - [Info    ] [JLink     ] CPU_ReadMem(4 bytes @ 0x10000110)
[2021-Dec-31 11:00:32] [ info] [  JLink] - [Info    ] [JLink     ] Data:  00 04 00 00
[2021-Dec-31 11:00:32] [ info] [  JLink] - [Info    ] [JLink     ] - 0.590ms returns 1 (0x1)  
[2021-Dec-31 11:00:32] [ info] [  JLink] - [Info    ] [JLink     ] JLINK_HasError()  
[2021-Dec-31 11:00:32] [ info] [  JLink] - [Info    ] [JLink     ] - 0.007ms  
[2021-Dec-31 11:00:32] [debug] [ nRF0x0] - close_dll
[2021-Dec-31 11:00:32] [debug] [nRF520x0] - close
[2021-Dec-31 11:00:32] [debug] [Backend] - is_connected_to_emu
[2021-Dec-31 11:00:32] [ info] [  JLink] - [Info    ] [JLink     ] JLINK_IsOpen()  
[2021-Dec-31 11:00:32] [ info] [  JLink] - [Info    ] [JLink     ] - 0.008ms returns 0x01  
[2021-Dec-31 11:00:32] [ info] [  JLink] - [Info    ] [JLink     ] JLINK_HasError()  
[2021-Dec-31 11:00:32] [ info] [  JLink] - [Info    ] [JLink     ] JLINK_Lock()  
[2021-Dec-31 11:00:32] [debug] [Backend] - close
[2021-Dec-31 11:00:32] [debug] [Backend] - disconnect_from_emu
[2021-Dec-31 11:00:32] [debug] [Backend] - ---just_disconnect_from_emu
[2021-Dec-31 11:00:32] [debug] [Backend] - is_connected_to_device
[2021-Dec-31 11:00:32] [ info] [  JLink] - [Info    ] [JLink     ] JLINK_IsConnected()  
[2021-Dec-31 11:00:32] [ info] [  JLink] - [Info    ] [JLink     ] - 0.007ms returns TRUE  
[2021-Dec-31 11:00:32] [ info] [  JLink] - [Info    ] [JLink     ] JLINK_HasError()  
[2021-Dec-31 11:00:32] [debug] [Backend] - ---just_is_debug_region_powered
[2021-Dec-31 11:00:32] [debug] [Backend] - ---just_read_debug_port_register
[2021-Dec-31 11:00:32] [debug] [Backend] - ---just_select_debug_port_register
[2021-Dec-31 11:00:32] [debug] [Backend] - Select AP 255, DP Bank 0, AP Bank 255
[2021-Dec-31 11:00:32] [ info] [  JLink] - [Info    ] [JLink     ] JLINK_CORESIGHT_WriteAPDPReg(DP reg 0x02, 0x00000000)  
[2021-Dec-31 11:00:32] [ info] [  JLink] - [Info    ] [JLink     ] - 0.240ms returns 0  
[2021-Dec-31 11:00:32] [ info] [  JLink] - [Info    ] [JLink     ] JLINK_HasError()  
[2021-Dec-31 11:00:32] [ info] [  JLink] - [Info    ] [JLink     ] JLINK_CORESIGHT_ReadAPDPReg(DP reg 0x01)  
[2021-Dec-31 11:00:32] [ info] [  JLink] - [Info    ] [JLink     ] Value=0xF0000040
[2021-Dec-31 11:00:32] [ info] [  JLink] - [Info    ] [JLink     ] - 0.301ms returns 0  
[2021-Dec-31 11:00:32] [ info] [  JLink] - [Info    ] [JLink     ] JLINK_HasError()  
[2021-Dec-31 11:00:32] [ info] [Backend] - Disable trace before closing connection.
[2021-Dec-31 11:00:32] [debug] [Backend] - ---just_write_u32
[2021-Dec-31 11:00:32] [ info] [  JLink] - [Info    ] [JLink     ] JLINK_WriteU32_64(0xE000EDFC, 0x00000000)  
[2021-Dec-31 11:00:32] [ info] [  JLink] - [Info    ] [JLink     ] Debug reg: DEMCR
[2021-Dec-31 11:00:32] [ info] [  JLink] - [Info    ] [JLink     ] CPU_WriteMem(4 bytes @ 0xE000EDFC)
[2021-Dec-31 11:00:32] [ info] [  JLink] - [Info    ] [JLink     ] - 1.264ms returns 0 (0x00000000)  
[2021-Dec-31 11:00:32] [ info] [  JLink] - [Info    ] [JLink     ] JLINK_HasError()  
[2021-Dec-31 11:00:32] [debug] [Backend] - ---just_is_debug_region_powered
[2021-Dec-31 11:00:32] [ info] [Backend] - Shortcut, lock is on and debug region is powered.
[2021-Dec-31 11:00:32] [debug] [Backend] - unpower_debug_and_system_regions
[2021-Dec-31 11:00:32] [debug] [Backend] - ---just_write_debug_port_register
[2021-Dec-31 11:00:32] [debug] [Backend] - ---just_select_debug_port_register
[2021-Dec-31 11:00:32] [debug] [Backend] - Select AP 255, DP Bank 0, AP Bank 255
[2021-Dec-31 11:00:32] [ info] [  JLink] - [Info    ] [JLink     ] JLINK_CORESIGHT_WriteAPDPReg(DP reg 0x02, 0x00000000)  
[2021-Dec-31 11:00:32] [ info] [  JLink] - [Info    ] [JLink     ] - 0.253ms returns 0  
[2021-Dec-31 11:00:32] [ info] [  JLink] - [Info    ] [JLink     ] JLINK_HasError()  
[2021-Dec-31 11:00:32] [ info] [  JLink] - [Info    ] [JLink     ] JLINK_CORESIGHT_WriteAPDPReg(DP reg 0x01, 0x00000000)  
[2021-Dec-31 11:00:32] [ info] [  JLink] - [Info    ] [JLink     ] - 0.260ms returns 0  
[2021-Dec-31 11:00:32] [ info] [  JLink] - [Info    ] [JLink     ] JLINK_HasError()  
[2021-Dec-31 11:00:32] [debug] [Backend] - ---just_is_debug_region_powered
[2021-Dec-31 11:00:32] [debug] [Backend] - ---just_read_debug_port_register
[2021-Dec-31 11:00:32] [debug] [Backend] - ---just_select_debug_port_register
[2021-Dec-31 11:00:32] [ info] [  JLink] - [Info    ] [JLink     ] JLINK_CORESIGHT_ReadAPDPReg(DP reg 0x01)  
[2021-Dec-31 11:00:32] [ info] [  JLink] - [Info    ] [JLink     ] Value=0x00000040
[2021-Dec-31 11:00:32] [ info] [  JLink] - [Info    ] [JLink     ] - 0.309ms returns 0  
[2021-Dec-31 11:00:32] [ info] [  JLink] - [Info    ] [JLink     ] JLINK_HasError()  
[2021-Dec-31 11:00:32] [ info] [  JLink] - [Info    ] [JLink     ] - 0.009ms  
[2021-Dec-31 11:00:32] [ info] [  JLink] - [Info    ] [JLink     ] JLINK_Close()  
[2021-Dec-31 11:00:32] [debug] [Backend] - Segger Backend closed.
[2021-Dec-31 11:00:32] [debug] [nRF520x0] - nRF family DLL closed
